[20:31:38:950] [INFO] - org.springframework.boot.StartupInfoLogger.logStarting(StartupInfoLogger.java:48) - Starting App on USER-20170919JU with PID 6568 (E:\coonchen\coonchen-framework\source\springboot_framework\out\production\classes started by Administrator in E:\coonchen\coonchen-framework\source\springboot_framework)
[20:31:38:975] [INFO] - org.springframework.boot.SpringApplication.logStartupProfileInfo(SpringApplication.java:593) - No active profile set, falling back to default profiles: default
[20:31:39:041] [INFO] - org.springframework.context.support.AbstractApplicationContext.prepareRefresh(AbstractApplicationContext.java:583) - Refreshing org.springframework.boot.context.embedded.AnnotationConfigEmbeddedWebApplicationContext@6ad82709: startup date [Mon Sep 25 20:31:39 CST 2017]; root of context hierarchy
[20:31:39:354] [INFO] - org.hibernate.validator.internal.util.Version.<clinit>(Version.java:30) - HV000001: Hibernate Validator 5.3.5.Final
[20:31:43:869] [INFO] - org.springframework.beans.factory.support.DefaultListableBeanFactory.registerBeanDefinition(DefaultListableBeanFactory.java:828) - Overriding bean definition for bean 'freeMarkerConfiguration' with a different definition: replacing [Root bean: class [null]; scope=; abstract=false; lazyInit=false; autowireMode=3; dependencyCheck=0; autowireCandidate=true; primary=false; factoryBeanName=viewResolverFreeMarker; factoryMethodName=freeMarkerConfiguration; initMethodName=null; destroyMethodName=(inferred); defined in class path resource [com/coonchen/framework/web/view/ViewResolverFreeMarker.class]] with [Root bean: class [null]; scope=; abstract=false; lazyInit=false; autowireMode=3; dependencyCheck=0; autowireCandidate=true; primary=false; factoryBeanName=org.springframework.boot.autoconfigure.freemarker.FreeMarkerAutoConfiguration$FreeMarkerWebConfiguration; factoryMethodName=freeMarkerConfiguration; initMethodName=null; destroyMethodName=(inferred); defined in class path resource [org/springframework/boot/autoconfigure/freemarker/FreeMarkerAutoConfiguration$FreeMarkerWebConfiguration.class]]
[20:31:46:427] [INFO] - org.springframework.boot.context.embedded.tomcat.TomcatEmbeddedServletContainer.initialize(TomcatEmbeddedServletContainer.java:89) - Tomcat initialized with port(s): 80 (http)
[20:31:46:442] [INFO] - org.apache.juli.logging.DirectJDKLog.log(DirectJDKLog.java:179) - Starting service [Tomcat]
[20:31:46:442] [INFO] - org.apache.juli.logging.DirectJDKLog.log(DirectJDKLog.java:179) - Starting Servlet Engine: Apache Tomcat/8.5.16
[20:31:46:606] [INFO] - org.apache.juli.logging.DirectJDKLog.log(DirectJDKLog.java:179) - Initializing Spring embedded WebApplicationContext
[20:31:46:606] [INFO] - org.springframework.boot.context.embedded.EmbeddedWebApplicationContext.prepareEmbeddedWebApplicationContext(EmbeddedWebApplicationContext.java:276) - Root WebApplicationContext: initialization completed in 7565 ms
[20:31:46:763] [INFO] - org.springframework.boot.web.servlet.ServletRegistrationBean.onStartup(ServletRegistrationBean.java:190) - Mapping servlet: 'dispatcherServlet' to [/]
[20:31:46:779] [INFO] - org.springframework.boot.web.servlet.AbstractFilterRegistrationBean.configure(AbstractFilterRegistrationBean.java:258) - Mapping filter: 'characterEncodingFilter' to: [/*]
[20:31:47:908] [INFO] - org.springframework.web.servlet.handler.AbstractHandlerMethodMapping$MappingRegistry.register(AbstractHandlerMethodMapping.java:543) - Mapped "{[/index.html]}" onto public java.lang.Object com.allwell.erp.controller.IndexController.index(org.springframework.ui.ModelMap)
[20:31:47:908] [INFO] - org.springframework.web.servlet.handler.AbstractHandlerMethodMapping$MappingRegistry.register(AbstractHandlerMethodMapping.java:543) - Mapped "{[/json]}" onto public java.lang.Object com.allwell.erp.controller.IndexController.json(org.springframework.ui.ModelMap)
[20:31:47:923] [INFO] - org.springframework.web.servlet.handler.AbstractHandlerMethodMapping$MappingRegistry.register(AbstractHandlerMethodMapping.java:543) - Mapped "{[/admin/user/list.html]}" onto public java.lang.Object com.coonchen.core.controller.UserController.list(org.springframework.ui.ModelMap)
[20:31:47:923] [INFO] - org.springframework.web.servlet.handler.AbstractHandlerMethodMapping$MappingRegistry.register(AbstractHandlerMethodMapping.java:543) - Mapped "{[/admin/user/save.do]}" onto public java.lang.Object com.coonchen.core.controller.UserController.save(org.springframework.ui.ModelMap)
[20:31:47:923] [INFO] - org.springframework.web.servlet.handler.AbstractHandlerMethodMapping$MappingRegistry.register(AbstractHandlerMethodMapping.java:543) - Mapped "{[/admin/user/toEdit.html]}" onto public java.lang.Object com.coonchen.core.controller.UserController.toEdit(org.springframework.ui.ModelMap)
[20:31:47:923] [INFO] - org.springframework.web.servlet.handler.AbstractHandlerMethodMapping$MappingRegistry.register(AbstractHandlerMethodMapping.java:543) - Mapped "{[/admin/user/toView.html]}" onto public java.lang.Object com.coonchen.core.controller.UserController.toView(org.springframework.ui.ModelMap)
[20:31:47:923] [INFO] - org.springframework.web.servlet.handler.AbstractHandlerMethodMapping$MappingRegistry.register(AbstractHandlerMethodMapping.java:543) - Mapped "{[/admin/user/toPwd.html]}" onto public java.lang.Object com.coonchen.core.controller.UserController.toPwd(org.springframework.ui.ModelMap)
[20:31:47:923] [INFO] - org.springframework.web.servlet.handler.AbstractHandlerMethodMapping$MappingRegistry.register(AbstractHandlerMethodMapping.java:543) - Mapped "{[/admin/user/del.do]}" onto public java.lang.Object com.coonchen.core.controller.UserController.del(org.springframework.ui.ModelMap)
[20:31:47:923] [INFO] - org.springframework.web.servlet.handler.AbstractHandlerMethodMapping$MappingRegistry.register(AbstractHandlerMethodMapping.java:543) - Mapped "{[/admin/user/able.do]}" onto public java.lang.Object com.coonchen.core.controller.UserController.able()
[20:31:47:923] [INFO] - org.springframework.web.servlet.handler.AbstractHandlerMethodMapping$MappingRegistry.register(AbstractHandlerMethodMapping.java:543) - Mapped "{[/admin/user/pwd.do]}" onto public java.lang.Object com.coonchen.core.controller.UserController.pwd()
[20:31:47:923] [INFO] - org.springframework.web.servlet.handler.AbstractHandlerMethodMapping$MappingRegistry.register(AbstractHandlerMethodMapping.java:543) - Mapped "{[/admin/ugroup/list.html]}" onto public java.lang.Object com.coonchen.core.controller.UserGroupController.list(org.springframework.ui.ModelMap)
[20:31:47:923] [INFO] - org.springframework.web.servlet.handler.AbstractHandlerMethodMapping$MappingRegistry.register(AbstractHandlerMethodMapping.java:543) - Mapped "{[/admin/ugroup/save.do]}" onto public java.lang.Object com.coonchen.core.controller.UserGroupController.save(org.springframework.ui.ModelMap)
[20:31:47:923] [INFO] - org.springframework.web.servlet.handler.AbstractHandlerMethodMapping$MappingRegistry.register(AbstractHandlerMethodMapping.java:543) - Mapped "{[/admin/ugroup/toEdit.html]}" onto public java.lang.Object com.coonchen.core.controller.UserGroupController.toEdit(org.springframework.ui.ModelMap)
[20:31:47:923] [INFO] - org.springframework.web.servlet.handler.AbstractHandlerMethodMapping$MappingRegistry.register(AbstractHandlerMethodMapping.java:543) - Mapped "{[/admin/ugroup/del.do]}" onto public java.lang.Object com.coonchen.core.controller.UserGroupController.del(org.springframework.ui.ModelMap)
[20:31:47:939] [INFO] - org.springframework.web.servlet.handler.AbstractHandlerMethodMapping$MappingRegistry.register(AbstractHandlerMethodMapping.java:543) - Mapped "{[/error]}" onto public org.springframework.http.ResponseEntity<java.util.Map<java.lang.String, java.lang.Object>> org.springframework.boot.autoconfigure.web.BasicErrorController.error(javax.servlet.http.HttpServletRequest)
[20:31:47:939] [INFO] - org.springframework.web.servlet.handler.AbstractHandlerMethodMapping$MappingRegistry.register(AbstractHandlerMethodMapping.java:543) - Mapped "{[/error],produces=[text/html]}" onto public org.springframework.web.servlet.ModelAndView org.springframework.boot.autoconfigure.web.BasicErrorController.errorHtml(javax.servlet.http.HttpServletRequest,javax.servlet.http.HttpServletResponse)
[20:31:47:970] [INFO] - org.springframework.web.servlet.handler.AbstractUrlHandlerMapping.registerHandler(AbstractUrlHandlerMapping.java:362) - Mapped URL path [/resource/**] onto handler of type [class org.springframework.web.servlet.resource.ResourceHttpRequestHandler]
[20:31:48:032] [INFO] - org.springframework.web.servlet.mvc.method.annotation.RequestMappingHandlerAdapter.initControllerAdviceCache(RequestMappingHandlerAdapter.java:534) - Looking for @ControllerAdvice: org.springframework.boot.context.embedded.AnnotationConfigEmbeddedWebApplicationContext@6ad82709: startup date [Mon Sep 25 20:31:39 CST 2017]; root of context hierarchy
[20:31:48:110] [INFO] - org.springframework.web.servlet.mvc.method.annotation.ExceptionHandlerExceptionResolver.initExceptionHandlerAdviceCache(ExceptionHandlerExceptionResolver.java:273) - Detected @ExceptionHandler methods in globalExceptionHandler
[20:31:48:262] [INFO] - org.springframework.web.servlet.view.freemarker.FreeMarkerConfigurer.postProcessTemplateLoaders(FreeMarkerConfigurer.java:127) - ClassTemplateLoader for Spring macros added to FreeMarker configuration
[20:31:48:720] [INFO] - org.springframework.jmx.export.MBeanExporter.afterSingletonsInstantiated(MBeanExporter.java:431) - Registering beans for JMX exposure on startup
[20:31:48:720] [INFO] - org.springframework.jmx.export.MBeanExporter.autodetect(MBeanExporter.java:916) - Bean with name 'dataSource' has been autodetected for JMX exposure
[20:31:48:720] [INFO] - org.springframework.jmx.export.MBeanExporter.registerBeanInstance(MBeanExporter.java:671) - Located MBean 'dataSource': registering with JMX server as MBean [com.alibaba.druid.pool:name=dataSource,type=DruidDataSource]
[20:31:48:751] [INFO] - org.apache.juli.logging.DirectJDKLog.log(DirectJDKLog.java:179) - Initializing ProtocolHandler ["http-nio-80"]
[20:31:48:766] [INFO] - org.apache.juli.logging.DirectJDKLog.log(DirectJDKLog.java:179) - Starting ProtocolHandler ["http-nio-80"]
[20:31:48:782] [INFO] - org.apache.juli.logging.DirectJDKLog.log(DirectJDKLog.java:179) - Using a shared selector for servlet write/read
[20:31:49:089] [INFO] - org.springframework.boot.context.embedded.tomcat.TomcatEmbeddedServletContainer.start(TomcatEmbeddedServletContainer.java:201) - Tomcat started on port(s): 80 (http)
[20:31:49:104] [INFO] - org.springframework.boot.StartupInfoLogger.logStarted(StartupInfoLogger.java:57) - Started App in 10.533 seconds (JVM running for 11.983)
[20:32:25:257] [INFO] - org.apache.juli.logging.DirectJDKLog.log(DirectJDKLog.java:179) - A cookie header was received [1505868837,1505887504,1505956958] that contained an invalid cookie. That cookie will be ignored.Note: further occurrences of this error will be logged at DEBUG level.
[20:32:25:257] [INFO] - org.apache.juli.logging.DirectJDKLog.log(DirectJDKLog.java:179) - A cookie header was received [1505868837,1505887504,1505956958] that contained an invalid cookie. That cookie will be ignored.Note: further occurrences of this error will be logged at DEBUG level.
[20:32:25:267] [INFO] - org.apache.juli.logging.DirectJDKLog.log(DirectJDKLog.java:179) - Initializing Spring FrameworkServlet 'dispatcherServlet'
[20:32:25:267] [INFO] - org.springframework.web.servlet.FrameworkServlet.initServletBean(FrameworkServlet.java:489) - FrameworkServlet 'dispatcherServlet': initialization started
[20:32:25:285] [INFO] - org.springframework.web.servlet.FrameworkServlet.initServletBean(FrameworkServlet.java:508) - FrameworkServlet 'dispatcherServlet': initialization completed in 18 ms
[20:32:25:316] [WARN] - org.springframework.web.servlet.DispatcherServlet.noHandlerFound(DispatcherServlet.java:1176) - No mapping found for HTTP request with URI [/favicon.ico] in DispatcherServlet with name 'dispatcherServlet'
[20:32:25:397] [INFO] - com.alibaba.druid.pool.DruidDataSource.init(DruidDataSource.java:854) - {dataSource-1} inited
[20:32:26:417] [WARN] - org.springframework.web.servlet.DispatcherServlet.noHandlerFound(DispatcherServlet.java:1176) - No mapping found for HTTP request with URI [/favicon.ico] in DispatcherServlet with name 'dispatcherServlet'
[20:32:26:514] [WARN] - org.springframework.web.servlet.DispatcherServlet.noHandlerFound(DispatcherServlet.java:1176) - No mapping found for HTTP request with URI [/welcome.html] in DispatcherServlet with name 'dispatcherServlet'
[20:35:12:449] [INFO] - org.springframework.boot.StartupInfoLogger.logStarting(StartupInfoLogger.java:48) - Starting App on USER-20170919JU with PID 6272 (E:\coonchen\coonchen-framework\source\springboot_framework\out\production\classes started by Administrator in E:\coonchen\coonchen-framework\source\springboot_framework)
[20:35:12:449] [INFO] - org.springframework.boot.SpringApplication.logStartupProfileInfo(SpringApplication.java:593) - No active profile set, falling back to default profiles: default
[20:35:12:496] [INFO] - org.springframework.context.support.AbstractApplicationContext.prepareRefresh(AbstractApplicationContext.java:583) - Refreshing org.springframework.boot.context.embedded.AnnotationConfigEmbeddedWebApplicationContext@752325ad: startup date [Mon Sep 25 20:35:12 CST 2017]; root of context hierarchy
[20:35:12:652] [INFO] - org.hibernate.validator.internal.util.Version.<clinit>(Version.java:30) - HV000001: Hibernate Validator 5.3.5.Final
[20:35:15:605] [INFO] - org.springframework.beans.factory.support.DefaultListableBeanFactory.registerBeanDefinition(DefaultListableBeanFactory.java:828) - Overriding bean definition for bean 'freeMarkerConfiguration' with a different definition: replacing [Root bean: class [null]; scope=; abstract=false; lazyInit=false; autowireMode=3; dependencyCheck=0; autowireCandidate=true; primary=false; factoryBeanName=viewResolverFreeMarker; factoryMethodName=freeMarkerConfiguration; initMethodName=null; destroyMethodName=(inferred); defined in class path resource [com/coonchen/framework/web/view/ViewResolverFreeMarker.class]] with [Root bean: class [null]; scope=; abstract=false; lazyInit=false; autowireMode=3; dependencyCheck=0; autowireCandidate=true; primary=false; factoryBeanName=org.springframework.boot.autoconfigure.freemarker.FreeMarkerAutoConfiguration$FreeMarkerWebConfiguration; factoryMethodName=freeMarkerConfiguration; initMethodName=null; destroyMethodName=(inferred); defined in class path resource [org/springframework/boot/autoconfigure/freemarker/FreeMarkerAutoConfiguration$FreeMarkerWebConfiguration.class]]
[20:35:17:198] [INFO] - org.springframework.boot.context.embedded.tomcat.TomcatEmbeddedServletContainer.initialize(TomcatEmbeddedServletContainer.java:89) - Tomcat initialized with port(s): 80 (http)
[20:35:17:198] [INFO] - org.apache.juli.logging.DirectJDKLog.log(DirectJDKLog.java:179) - Starting service [Tomcat]
[20:35:17:198] [INFO] - org.apache.juli.logging.DirectJDKLog.log(DirectJDKLog.java:179) - Starting Servlet Engine: Apache Tomcat/8.5.16
[20:35:17:292] [INFO] - org.apache.juli.logging.DirectJDKLog.log(DirectJDKLog.java:179) - Initializing Spring embedded WebApplicationContext
[20:35:17:292] [INFO] - org.springframework.boot.context.embedded.EmbeddedWebApplicationContext.prepareEmbeddedWebApplicationContext(EmbeddedWebApplicationContext.java:276) - Root WebApplicationContext: initialization completed in 4796 ms
[20:35:17:417] [INFO] - org.springframework.boot.web.servlet.ServletRegistrationBean.onStartup(ServletRegistrationBean.java:190) - Mapping servlet: 'dispatcherServlet' to [/]
[20:35:17:417] [INFO] - org.springframework.boot.web.servlet.AbstractFilterRegistrationBean.configure(AbstractFilterRegistrationBean.java:258) - Mapping filter: 'characterEncodingFilter' to: [/*]
[20:35:17:935] [INFO] - org.springframework.web.servlet.handler.AbstractHandlerMethodMapping$MappingRegistry.register(AbstractHandlerMethodMapping.java:543) - Mapped "{[/index.html]}" onto public java.lang.Object com.allwell.erp.controller.IndexController.index(org.springframework.ui.ModelMap)
[20:35:17:951] [INFO] - org.springframework.web.servlet.handler.AbstractHandlerMethodMapping$MappingRegistry.register(AbstractHandlerMethodMapping.java:543) - Mapped "{[/json]}" onto public java.lang.Object com.allwell.erp.controller.IndexController.json(org.springframework.ui.ModelMap)
[20:35:17:951] [INFO] - org.springframework.web.servlet.handler.AbstractHandlerMethodMapping$MappingRegistry.register(AbstractHandlerMethodMapping.java:543) - Mapped "{[/admin/user/list.html]}" onto public java.lang.Object com.coonchen.core.controller.UserController.list(org.springframework.ui.ModelMap)
[20:35:17:951] [INFO] - org.springframework.web.servlet.handler.AbstractHandlerMethodMapping$MappingRegistry.register(AbstractHandlerMethodMapping.java:543) - Mapped "{[/admin/user/save.do]}" onto public java.lang.Object com.coonchen.core.controller.UserController.save(org.springframework.ui.ModelMap)
[20:35:17:951] [INFO] - org.springframework.web.servlet.handler.AbstractHandlerMethodMapping$MappingRegistry.register(AbstractHandlerMethodMapping.java:543) - Mapped "{[/admin/user/toEdit.html]}" onto public java.lang.Object com.coonchen.core.controller.UserController.toEdit(org.springframework.ui.ModelMap)
[20:35:17:951] [INFO] - org.springframework.web.servlet.handler.AbstractHandlerMethodMapping$MappingRegistry.register(AbstractHandlerMethodMapping.java:543) - Mapped "{[/admin/user/toView.html]}" onto public java.lang.Object com.coonchen.core.controller.UserController.toView(org.springframework.ui.ModelMap)
[20:35:17:951] [INFO] - org.springframework.web.servlet.handler.AbstractHandlerMethodMapping$MappingRegistry.register(AbstractHandlerMethodMapping.java:543) - Mapped "{[/admin/user/toPwd.html]}" onto public java.lang.Object com.coonchen.core.controller.UserController.toPwd(org.springframework.ui.ModelMap)
[20:35:17:951] [INFO] - org.springframework.web.servlet.handler.AbstractHandlerMethodMapping$MappingRegistry.register(AbstractHandlerMethodMapping.java:543) - Mapped "{[/admin/user/del.do]}" onto public java.lang.Object com.coonchen.core.controller.UserController.del(org.springframework.ui.ModelMap)
[20:35:17:951] [INFO] - org.springframework.web.servlet.handler.AbstractHandlerMethodMapping$MappingRegistry.register(AbstractHandlerMethodMapping.java:543) - Mapped "{[/admin/user/able.do]}" onto public java.lang.Object com.coonchen.core.controller.UserController.able()
[20:35:17:951] [INFO] - org.springframework.web.servlet.handler.AbstractHandlerMethodMapping$MappingRegistry.register(AbstractHandlerMethodMapping.java:543) - Mapped "{[/admin/user/pwd.do]}" onto public java.lang.Object com.coonchen.core.controller.UserController.pwd()
[20:35:17:951] [INFO] - org.springframework.web.servlet.handler.AbstractHandlerMethodMapping$MappingRegistry.register(AbstractHandlerMethodMapping.java:543) - Mapped "{[/admin/ugroup/list.html]}" onto public java.lang.Object com.coonchen.core.controller.UserGroupController.list(org.springframework.ui.ModelMap)
[20:35:17:951] [INFO] - org.springframework.web.servlet.handler.AbstractHandlerMethodMapping$MappingRegistry.register(AbstractHandlerMethodMapping.java:543) - Mapped "{[/admin/ugroup/save.do]}" onto public java.lang.Object com.coonchen.core.controller.UserGroupController.save(org.springframework.ui.ModelMap)
[20:35:17:951] [INFO] - org.springframework.web.servlet.handler.AbstractHandlerMethodMapping$MappingRegistry.register(AbstractHandlerMethodMapping.java:543) - Mapped "{[/admin/ugroup/toEdit.html]}" onto public java.lang.Object com.coonchen.core.controller.UserGroupController.toEdit(org.springframework.ui.ModelMap)
[20:35:17:951] [INFO] - org.springframework.web.servlet.handler.AbstractHandlerMethodMapping$MappingRegistry.register(AbstractHandlerMethodMapping.java:543) - Mapped "{[/admin/ugroup/del.do]}" onto public java.lang.Object com.coonchen.core.controller.UserGroupController.del(org.springframework.ui.ModelMap)
[20:35:17:967] [INFO] - org.springframework.web.servlet.handler.AbstractHandlerMethodMapping$MappingRegistry.register(AbstractHandlerMethodMapping.java:543) - Mapped "{[/error]}" onto public org.springframework.http.ResponseEntity<java.util.Map<java.lang.String, java.lang.Object>> org.springframework.boot.autoconfigure.web.BasicErrorController.error(javax.servlet.http.HttpServletRequest)
[20:35:17:967] [INFO] - org.springframework.web.servlet.handler.AbstractHandlerMethodMapping$MappingRegistry.register(AbstractHandlerMethodMapping.java:543) - Mapped "{[/error],produces=[text/html]}" onto public org.springframework.web.servlet.ModelAndView org.springframework.boot.autoconfigure.web.BasicErrorController.errorHtml(javax.servlet.http.HttpServletRequest,javax.servlet.http.HttpServletResponse)
[20:35:17:998] [INFO] - org.springframework.web.servlet.handler.AbstractUrlHandlerMapping.registerHandler(AbstractUrlHandlerMapping.java:362) - Mapped URL path [/resource/**] onto handler of type [class org.springframework.web.servlet.resource.ResourceHttpRequestHandler]
[20:35:18:029] [INFO] - org.springframework.web.servlet.mvc.method.annotation.RequestMappingHandlerAdapter.initControllerAdviceCache(RequestMappingHandlerAdapter.java:534) - Looking for @ControllerAdvice: org.springframework.boot.context.embedded.AnnotationConfigEmbeddedWebApplicationContext@752325ad: startup date [Mon Sep 25 20:35:12 CST 2017]; root of context hierarchy
[20:35:18:076] [INFO] - org.springframework.web.servlet.mvc.method.annotation.ExceptionHandlerExceptionResolver.initExceptionHandlerAdviceCache(ExceptionHandlerExceptionResolver.java:273) - Detected @ExceptionHandler methods in globalExceptionHandler
[20:35:18:138] [INFO] - org.springframework.web.servlet.view.freemarker.FreeMarkerConfigurer.postProcessTemplateLoaders(FreeMarkerConfigurer.java:127) - ClassTemplateLoader for Spring macros added to FreeMarker configuration
[20:35:18:639] [INFO] - org.springframework.jmx.export.MBeanExporter.afterSingletonsInstantiated(MBeanExporter.java:431) - Registering beans for JMX exposure on startup
[20:35:18:639] [INFO] - org.springframework.jmx.export.MBeanExporter.autodetect(MBeanExporter.java:916) - Bean with name 'dataSource' has been autodetected for JMX exposure
[20:35:18:655] [INFO] - org.springframework.jmx.export.MBeanExporter.registerBeanInstance(MBeanExporter.java:671) - Located MBean 'dataSource': registering with JMX server as MBean [com.alibaba.druid.pool:name=dataSource,type=DruidDataSource]
[20:35:18:671] [INFO] - org.apache.juli.logging.DirectJDKLog.log(DirectJDKLog.java:179) - Initializing ProtocolHandler ["http-nio-80"]
[20:35:18:671] [INFO] - org.apache.juli.logging.DirectJDKLog.log(DirectJDKLog.java:179) - Starting ProtocolHandler ["http-nio-80"]
[20:35:18:686] [INFO] - org.apache.juli.logging.DirectJDKLog.log(DirectJDKLog.java:179) - Using a shared selector for servlet write/read
[20:35:18:702] [INFO] - org.springframework.boot.context.embedded.tomcat.TomcatEmbeddedServletContainer.start(TomcatEmbeddedServletContainer.java:201) - Tomcat started on port(s): 80 (http)
[20:35:18:717] [INFO] - org.springframework.boot.StartupInfoLogger.logStarted(StartupInfoLogger.java:57) - Started App in 6.596 seconds (JVM running for 7.69)
[20:35:23:779] [INFO] - org.apache.juli.logging.DirectJDKLog.log(DirectJDKLog.java:179) - A cookie header was received [1505868837,1505887504,1505956958] that contained an invalid cookie. That cookie will be ignored.Note: further occurrences of this error will be logged at DEBUG level.
[20:35:23:779] [INFO] - org.apache.juli.logging.DirectJDKLog.log(DirectJDKLog.java:179) - Initializing Spring FrameworkServlet 'dispatcherServlet'
[20:35:23:779] [INFO] - org.springframework.web.servlet.FrameworkServlet.initServletBean(FrameworkServlet.java:489) - FrameworkServlet 'dispatcherServlet': initialization started
[20:35:23:795] [INFO] - org.springframework.web.servlet.FrameworkServlet.initServletBean(FrameworkServlet.java:508) - FrameworkServlet 'dispatcherServlet': initialization completed in 16 ms
[20:35:23:857] [INFO] - com.alibaba.druid.pool.DruidDataSource.init(DruidDataSource.java:854) - {dataSource-1} inited
[20:35:24:201] [WARN] - org.springframework.web.servlet.DispatcherServlet.noHandlerFound(DispatcherServlet.java:1176) - No mapping found for HTTP request with URI [/favicon.ico] in DispatcherServlet with name 'dispatcherServlet'
[20:35:24:264] [WARN] - org.springframework.web.servlet.DispatcherServlet.noHandlerFound(DispatcherServlet.java:1176) - No mapping found for HTTP request with URI [/welcome.html] in DispatcherServlet with name 'dispatcherServlet'
