[15:21:29:063] [ERROR] - org.ehcache.core.StatusTransitioner$Transition.failed(StatusTransitioner.java:231) - Initialize failed.
[15:21:29:094] [ERROR] - org.springframework.boot.SpringApplication.reportFailure(SpringApplication.java:771) - Application startup failed
java.lang.ExceptionInInitializerError: null
	at com.coonchen.core.listener.SystemListener.run(SystemListener.java:22) ~[classes/:?]
	at org.springframework.boot.SpringApplication.callRunner(SpringApplication.java:732) ~[spring-boot-1.5.6.RELEASE.jar:1.5.6.RELEASE]
	at org.springframework.boot.SpringApplication.callRunners(SpringApplication.java:716) [spring-boot-1.5.6.RELEASE.jar:1.5.6.RELEASE]
	at org.springframework.boot.SpringApplication.afterRefresh(SpringApplication.java:703) [spring-boot-1.5.6.RELEASE.jar:1.5.6.RELEASE]
	at org.springframework.boot.SpringApplication.run(SpringApplication.java:304) [spring-boot-1.5.6.RELEASE.jar:1.5.6.RELEASE]
	at org.springframework.boot.SpringApplication.run(SpringApplication.java:1118) [spring-boot-1.5.6.RELEASE.jar:1.5.6.RELEASE]
	at org.springframework.boot.SpringApplication.run(SpringApplication.java:1107) [spring-boot-1.5.6.RELEASE.jar:1.5.6.RELEASE]
	at com.App.main(App.java:15) [classes/:?]
Caused by: org.ehcache.StateTransitionException: Persistence directory already locked by this process: F:\EhcacheProvider
	at org.ehcache.core.StatusTransitioner$Transition.failed(StatusTransitioner.java:235) ~[ehcache-3.4.0.jar:3.4.0 45a1f99e0d65f13bdd379e60a5ca9a7b6d3a90bc]
	at org.ehcache.core.EhcacheManager.init(EhcacheManager.java:588) ~[ehcache-3.4.0.jar:3.4.0 45a1f99e0d65f13bdd379e60a5ca9a7b6d3a90bc]
	at org.ehcache.config.builders.CacheManagerBuilder.build(CacheManagerBuilder.java:72) ~[ehcache-3.4.0.jar:3.4.0 45a1f99e0d65f13bdd379e60a5ca9a7b6d3a90bc]
	at com.coonchen.framework.cache.EhcacheProvider.<init>(EhcacheProvider.java:21) ~[classes/:?]
	at com.coonchen.framework.cache.CacheManagerFactory.<init>(CacheManagerFactory.java:36) ~[classes/:?]
	at com.coonchen.framework.cache.CacheManagerFactory.getInstance(CacheManagerFactory.java:31) ~[classes/:?]
	at com.coonchen.framework.cache.BaseCache.<init>(BaseCache.java:9) ~[classes/:?]
	at com.coonchen.core.cache.dir.UserSessionCache.<init>(UserSessionCache.java:10) ~[classes/:?]
	at sun.reflect.NativeConstructorAccessorImpl.newInstance0(Native Method) ~[?:1.8.0_144]
	at sun.reflect.NativeConstructorAccessorImpl.newInstance(NativeConstructorAccessorImpl.java:62) ~[?:1.8.0_144]
	at sun.reflect.DelegatingConstructorAccessorImpl.newInstance(DelegatingConstructorAccessorImpl.java:45) ~[?:1.8.0_144]
	at java.lang.reflect.Constructor.newInstance(Constructor.java:423) ~[?:1.8.0_144]
	at java.lang.Class.newInstance(Class.java:442) ~[?:1.8.0_144]
	at com.coonchen.framework.cache.CacheManagerFactory.<init>(CacheManagerFactory.java:42) ~[classes/:?]
	at com.coonchen.framework.cache.CacheManagerFactory.getInstance(CacheManagerFactory.java:31) ~[classes/:?]
	at com.coonchen.core.cache.CacheManager.<clinit>(CacheManager.java:22) ~[classes/:?]
	... 8 more
Caused by: java.lang.RuntimeException: Persistence directory already locked by this process: F:\EhcacheProvider
	at org.ehcache.impl.persistence.DefaultLocalPersistenceService.internalStart(DefaultLocalPersistenceService.java:95) ~[ehcache-3.4.0.jar:3.4.0 45a1f99e0d65f13bdd379e60a5ca9a7b6d3a90bc]
	at org.ehcache.impl.persistence.DefaultLocalPersistenceService.start(DefaultLocalPersistenceService.java:75) ~[ehcache-3.4.0.jar:3.4.0 45a1f99e0d65f13bdd379e60a5ca9a7b6d3a90bc]
	at org.ehcache.core.internal.service.ServiceLocator.startAllServices(ServiceLocator.java:118) ~[ehcache-3.4.0.jar:3.4.0 45a1f99e0d65f13bdd379e60a5ca9a7b6d3a90bc]
	at org.ehcache.core.EhcacheManager.init(EhcacheManager.java:560) ~[ehcache-3.4.0.jar:3.4.0 45a1f99e0d65f13bdd379e60a5ca9a7b6d3a90bc]
	at org.ehcache.config.builders.CacheManagerBuilder.build(CacheManagerBuilder.java:72) ~[ehcache-3.4.0.jar:3.4.0 45a1f99e0d65f13bdd379e60a5ca9a7b6d3a90bc]
	at com.coonchen.framework.cache.EhcacheProvider.<init>(EhcacheProvider.java:21) ~[classes/:?]
	at com.coonchen.framework.cache.CacheManagerFactory.<init>(CacheManagerFactory.java:36) ~[classes/:?]
	at com.coonchen.framework.cache.CacheManagerFactory.getInstance(CacheManagerFactory.java:31) ~[classes/:?]
	at com.coonchen.framework.cache.BaseCache.<init>(BaseCache.java:9) ~[classes/:?]
	at com.coonchen.core.cache.dir.UserSessionCache.<init>(UserSessionCache.java:10) ~[classes/:?]
	at sun.reflect.NativeConstructorAccessorImpl.newInstance0(Native Method) ~[?:1.8.0_144]
	at sun.reflect.NativeConstructorAccessorImpl.newInstance(NativeConstructorAccessorImpl.java:62) ~[?:1.8.0_144]
	at sun.reflect.DelegatingConstructorAccessorImpl.newInstance(DelegatingConstructorAccessorImpl.java:45) ~[?:1.8.0_144]
	at java.lang.reflect.Constructor.newInstance(Constructor.java:423) ~[?:1.8.0_144]
	at java.lang.Class.newInstance(Class.java:442) ~[?:1.8.0_144]
	at com.coonchen.framework.cache.CacheManagerFactory.<init>(CacheManagerFactory.java:42) ~[classes/:?]
	at com.coonchen.framework.cache.CacheManagerFactory.getInstance(CacheManagerFactory.java:31) ~[classes/:?]
	at com.coonchen.core.cache.CacheManager.<clinit>(CacheManager.java:22) ~[classes/:?]
	... 8 more
Caused by: java.nio.channels.OverlappingFileLockException
	at sun.nio.ch.SharedFileLockTable.checkList(FileLockTable.java:255) ~[?:1.8.0_144]
	at sun.nio.ch.SharedFileLockTable.add(FileLockTable.java:152) ~[?:1.8.0_144]
	at sun.nio.ch.FileChannelImpl.tryLock(FileChannelImpl.java:1108) ~[?:1.8.0_144]
	at java.nio.channels.FileChannel.tryLock(FileChannel.java:1155) ~[?:1.8.0_144]
	at org.ehcache.impl.persistence.DefaultLocalPersistenceService.internalStart(DefaultLocalPersistenceService.java:93) ~[ehcache-3.4.0.jar:3.4.0 45a1f99e0d65f13bdd379e60a5ca9a7b6d3a90bc]
	at org.ehcache.impl.persistence.DefaultLocalPersistenceService.start(DefaultLocalPersistenceService.java:75) ~[ehcache-3.4.0.jar:3.4.0 45a1f99e0d65f13bdd379e60a5ca9a7b6d3a90bc]
	at org.ehcache.core.internal.service.ServiceLocator.startAllServices(ServiceLocator.java:118) ~[ehcache-3.4.0.jar:3.4.0 45a1f99e0d65f13bdd379e60a5ca9a7b6d3a90bc]
	at org.ehcache.core.EhcacheManager.init(EhcacheManager.java:560) ~[ehcache-3.4.0.jar:3.4.0 45a1f99e0d65f13bdd379e60a5ca9a7b6d3a90bc]
	at org.ehcache.config.builders.CacheManagerBuilder.build(CacheManagerBuilder.java:72) ~[ehcache-3.4.0.jar:3.4.0 45a1f99e0d65f13bdd379e60a5ca9a7b6d3a90bc]
	at com.coonchen.framework.cache.EhcacheProvider.<init>(EhcacheProvider.java:21) ~[classes/:?]
	at com.coonchen.framework.cache.CacheManagerFactory.<init>(CacheManagerFactory.java:36) ~[classes/:?]
	at com.coonchen.framework.cache.CacheManagerFactory.getInstance(CacheManagerFactory.java:31) ~[classes/:?]
	at com.coonchen.framework.cache.BaseCache.<init>(BaseCache.java:9) ~[classes/:?]
	at com.coonchen.core.cache.dir.UserSessionCache.<init>(UserSessionCache.java:10) ~[classes/:?]
	at sun.reflect.NativeConstructorAccessorImpl.newInstance0(Native Method) ~[?:1.8.0_144]
	at sun.reflect.NativeConstructorAccessorImpl.newInstance(NativeConstructorAccessorImpl.java:62) ~[?:1.8.0_144]
	at sun.reflect.DelegatingConstructorAccessorImpl.newInstance(DelegatingConstructorAccessorImpl.java:45) ~[?:1.8.0_144]
	at java.lang.reflect.Constructor.newInstance(Constructor.java:423) ~[?:1.8.0_144]
	at java.lang.Class.newInstance(Class.java:442) ~[?:1.8.0_144]
	at com.coonchen.framework.cache.CacheManagerFactory.<init>(CacheManagerFactory.java:42) ~[classes/:?]
	at com.coonchen.framework.cache.CacheManagerFactory.getInstance(CacheManagerFactory.java:31) ~[classes/:?]
	at com.coonchen.core.cache.CacheManager.<clinit>(CacheManager.java:22) ~[classes/:?]
	... 8 more
[15:23:20:874] [ERROR] - org.ehcache.core.StatusTransitioner$Transition.failed(StatusTransitioner.java:231) - Initialize failed.
[15:23:22:635] [ERROR] - org.springframework.boot.SpringApplication.reportFailure(SpringApplication.java:771) - Application startup failed
java.lang.ExceptionInInitializerError: null
	at com.coonchen.core.listener.SystemListener.run(SystemListener.java:22) ~[classes/:?]
	at org.springframework.boot.SpringApplication.callRunner(SpringApplication.java:732) ~[spring-boot-1.5.6.RELEASE.jar:1.5.6.RELEASE]
	at org.springframework.boot.SpringApplication.callRunners(SpringApplication.java:716) [spring-boot-1.5.6.RELEASE.jar:1.5.6.RELEASE]
	at org.springframework.boot.SpringApplication.afterRefresh(SpringApplication.java:703) [spring-boot-1.5.6.RELEASE.jar:1.5.6.RELEASE]
	at org.springframework.boot.SpringApplication.run(SpringApplication.java:304) [spring-boot-1.5.6.RELEASE.jar:1.5.6.RELEASE]
	at org.springframework.boot.SpringApplication.run(SpringApplication.java:1118) [spring-boot-1.5.6.RELEASE.jar:1.5.6.RELEASE]
	at org.springframework.boot.SpringApplication.run(SpringApplication.java:1107) [spring-boot-1.5.6.RELEASE.jar:1.5.6.RELEASE]
	at com.App.main(App.java:15) [classes/:?]
Caused by: org.ehcache.StateTransitionException: Persistence directory already locked by this process: F:\EhcacheProvider
	at org.ehcache.core.StatusTransitioner$Transition.failed(StatusTransitioner.java:235) ~[ehcache-3.4.0.jar:3.4.0 45a1f99e0d65f13bdd379e60a5ca9a7b6d3a90bc]
	at org.ehcache.core.EhcacheManager.init(EhcacheManager.java:588) ~[ehcache-3.4.0.jar:3.4.0 45a1f99e0d65f13bdd379e60a5ca9a7b6d3a90bc]
	at org.ehcache.config.builders.CacheManagerBuilder.build(CacheManagerBuilder.java:72) ~[ehcache-3.4.0.jar:3.4.0 45a1f99e0d65f13bdd379e60a5ca9a7b6d3a90bc]
	at com.coonchen.framework.cache.EhcacheProvider.<init>(EhcacheProvider.java:21) ~[classes/:?]
	at com.coonchen.framework.cache.CacheManagerFactory.<init>(CacheManagerFactory.java:36) ~[classes/:?]
	at com.coonchen.framework.cache.CacheManagerFactory.getInstance(CacheManagerFactory.java:31) ~[classes/:?]
	at com.coonchen.framework.cache.BaseCache.<init>(BaseCache.java:9) ~[classes/:?]
	at com.coonchen.core.cache.dir.UserSessionCache.<init>(UserSessionCache.java:10) ~[classes/:?]
	at sun.reflect.NativeConstructorAccessorImpl.newInstance0(Native Method) ~[?:1.8.0_144]
	at sun.reflect.NativeConstructorAccessorImpl.newInstance(NativeConstructorAccessorImpl.java:62) ~[?:1.8.0_144]
	at sun.reflect.DelegatingConstructorAccessorImpl.newInstance(DelegatingConstructorAccessorImpl.java:45) ~[?:1.8.0_144]
	at java.lang.reflect.Constructor.newInstance(Constructor.java:423) ~[?:1.8.0_144]
	at java.lang.Class.newInstance(Class.java:442) ~[?:1.8.0_144]
	at com.coonchen.framework.cache.CacheManagerFactory.<init>(CacheManagerFactory.java:42) ~[classes/:?]
	at com.coonchen.framework.cache.CacheManagerFactory.getInstance(CacheManagerFactory.java:31) ~[classes/:?]
	at com.coonchen.core.cache.CacheManager.<clinit>(CacheManager.java:22) ~[classes/:?]
	... 8 more
Caused by: java.lang.RuntimeException: Persistence directory already locked by this process: F:\EhcacheProvider
	at org.ehcache.impl.persistence.DefaultLocalPersistenceService.internalStart(DefaultLocalPersistenceService.java:95) ~[ehcache-3.4.0.jar:3.4.0 45a1f99e0d65f13bdd379e60a5ca9a7b6d3a90bc]
	at org.ehcache.impl.persistence.DefaultLocalPersistenceService.start(DefaultLocalPersistenceService.java:75) ~[ehcache-3.4.0.jar:3.4.0 45a1f99e0d65f13bdd379e60a5ca9a7b6d3a90bc]
	at org.ehcache.core.internal.service.ServiceLocator.startAllServices(ServiceLocator.java:118) ~[ehcache-3.4.0.jar:3.4.0 45a1f99e0d65f13bdd379e60a5ca9a7b6d3a90bc]
	at org.ehcache.core.EhcacheManager.init(EhcacheManager.java:560) ~[ehcache-3.4.0.jar:3.4.0 45a1f99e0d65f13bdd379e60a5ca9a7b6d3a90bc]
	at org.ehcache.config.builders.CacheManagerBuilder.build(CacheManagerBuilder.java:72) ~[ehcache-3.4.0.jar:3.4.0 45a1f99e0d65f13bdd379e60a5ca9a7b6d3a90bc]
	at com.coonchen.framework.cache.EhcacheProvider.<init>(EhcacheProvider.java:21) ~[classes/:?]
	at com.coonchen.framework.cache.CacheManagerFactory.<init>(CacheManagerFactory.java:36) ~[classes/:?]
	at com.coonchen.framework.cache.CacheManagerFactory.getInstance(CacheManagerFactory.java:31) ~[classes/:?]
	at com.coonchen.framework.cache.BaseCache.<init>(BaseCache.java:9) ~[classes/:?]
	at com.coonchen.core.cache.dir.UserSessionCache.<init>(UserSessionCache.java:10) ~[classes/:?]
	at sun.reflect.NativeConstructorAccessorImpl.newInstance0(Native Method) ~[?:1.8.0_144]
	at sun.reflect.NativeConstructorAccessorImpl.newInstance(NativeConstructorAccessorImpl.java:62) ~[?:1.8.0_144]
	at sun.reflect.DelegatingConstructorAccessorImpl.newInstance(DelegatingConstructorAccessorImpl.java:45) ~[?:1.8.0_144]
	at java.lang.reflect.Constructor.newInstance(Constructor.java:423) ~[?:1.8.0_144]
	at java.lang.Class.newInstance(Class.java:442) ~[?:1.8.0_144]
	at com.coonchen.framework.cache.CacheManagerFactory.<init>(CacheManagerFactory.java:42) ~[classes/:?]
	at com.coonchen.framework.cache.CacheManagerFactory.getInstance(CacheManagerFactory.java:31) ~[classes/:?]
	at com.coonchen.core.cache.CacheManager.<clinit>(CacheManager.java:22) ~[classes/:?]
	... 8 more
Caused by: java.nio.channels.OverlappingFileLockException
	at sun.nio.ch.SharedFileLockTable.checkList(FileLockTable.java:255) ~[?:1.8.0_144]
	at sun.nio.ch.SharedFileLockTable.add(FileLockTable.java:152) ~[?:1.8.0_144]
	at sun.nio.ch.FileChannelImpl.tryLock(FileChannelImpl.java:1108) ~[?:1.8.0_144]
	at java.nio.channels.FileChannel.tryLock(FileChannel.java:1155) ~[?:1.8.0_144]
	at org.ehcache.impl.persistence.DefaultLocalPersistenceService.internalStart(DefaultLocalPersistenceService.java:93) ~[ehcache-3.4.0.jar:3.4.0 45a1f99e0d65f13bdd379e60a5ca9a7b6d3a90bc]
	at org.ehcache.impl.persistence.DefaultLocalPersistenceService.start(DefaultLocalPersistenceService.java:75) ~[ehcache-3.4.0.jar:3.4.0 45a1f99e0d65f13bdd379e60a5ca9a7b6d3a90bc]
	at org.ehcache.core.internal.service.ServiceLocator.startAllServices(ServiceLocator.java:118) ~[ehcache-3.4.0.jar:3.4.0 45a1f99e0d65f13bdd379e60a5ca9a7b6d3a90bc]
	at org.ehcache.core.EhcacheManager.init(EhcacheManager.java:560) ~[ehcache-3.4.0.jar:3.4.0 45a1f99e0d65f13bdd379e60a5ca9a7b6d3a90bc]
	at org.ehcache.config.builders.CacheManagerBuilder.build(CacheManagerBuilder.java:72) ~[ehcache-3.4.0.jar:3.4.0 45a1f99e0d65f13bdd379e60a5ca9a7b6d3a90bc]
	at com.coonchen.framework.cache.EhcacheProvider.<init>(EhcacheProvider.java:21) ~[classes/:?]
	at com.coonchen.framework.cache.CacheManagerFactory.<init>(CacheManagerFactory.java:36) ~[classes/:?]
	at com.coonchen.framework.cache.CacheManagerFactory.getInstance(CacheManagerFactory.java:31) ~[classes/:?]
	at com.coonchen.framework.cache.BaseCache.<init>(BaseCache.java:9) ~[classes/:?]
	at com.coonchen.core.cache.dir.UserSessionCache.<init>(UserSessionCache.java:10) ~[classes/:?]
	at sun.reflect.NativeConstructorAccessorImpl.newInstance0(Native Method) ~[?:1.8.0_144]
	at sun.reflect.NativeConstructorAccessorImpl.newInstance(NativeConstructorAccessorImpl.java:62) ~[?:1.8.0_144]
	at sun.reflect.DelegatingConstructorAccessorImpl.newInstance(DelegatingConstructorAccessorImpl.java:45) ~[?:1.8.0_144]
	at java.lang.reflect.Constructor.newInstance(Constructor.java:423) ~[?:1.8.0_144]
	at java.lang.Class.newInstance(Class.java:442) ~[?:1.8.0_144]
	at com.coonchen.framework.cache.CacheManagerFactory.<init>(CacheManagerFactory.java:42) ~[classes/:?]
	at com.coonchen.framework.cache.CacheManagerFactory.getInstance(CacheManagerFactory.java:31) ~[classes/:?]
	at com.coonchen.core.cache.CacheManager.<clinit>(CacheManager.java:22) ~[classes/:?]
	... 8 more
[15:25:37:287] [ERROR] - org.ehcache.core.StatusTransitioner$Transition.failed(StatusTransitioner.java:231) - Initialize failed.
[15:25:37:303] [ERROR] - org.springframework.boot.SpringApplication.reportFailure(SpringApplication.java:771) - Application startup failed
java.lang.ExceptionInInitializerError: null
	at com.coonchen.core.listener.SystemListener.run(SystemListener.java:22) ~[classes/:?]
	at org.springframework.boot.SpringApplication.callRunner(SpringApplication.java:732) ~[spring-boot-1.5.6.RELEASE.jar:1.5.6.RELEASE]
	at org.springframework.boot.SpringApplication.callRunners(SpringApplication.java:716) [spring-boot-1.5.6.RELEASE.jar:1.5.6.RELEASE]
	at org.springframework.boot.SpringApplication.afterRefresh(SpringApplication.java:703) [spring-boot-1.5.6.RELEASE.jar:1.5.6.RELEASE]
	at org.springframework.boot.SpringApplication.run(SpringApplication.java:304) [spring-boot-1.5.6.RELEASE.jar:1.5.6.RELEASE]
	at org.springframework.boot.SpringApplication.run(SpringApplication.java:1118) [spring-boot-1.5.6.RELEASE.jar:1.5.6.RELEASE]
	at org.springframework.boot.SpringApplication.run(SpringApplication.java:1107) [spring-boot-1.5.6.RELEASE.jar:1.5.6.RELEASE]
	at com.App.main(App.java:15) [classes/:?]
Caused by: org.ehcache.StateTransitionException: Persistence directory already locked by this process: F:\EhcacheProvider
	at org.ehcache.core.StatusTransitioner$Transition.failed(StatusTransitioner.java:235) ~[ehcache-3.4.0.jar:3.4.0 45a1f99e0d65f13bdd379e60a5ca9a7b6d3a90bc]
	at org.ehcache.core.EhcacheManager.init(EhcacheManager.java:588) ~[ehcache-3.4.0.jar:3.4.0 45a1f99e0d65f13bdd379e60a5ca9a7b6d3a90bc]
	at org.ehcache.config.builders.CacheManagerBuilder.build(CacheManagerBuilder.java:72) ~[ehcache-3.4.0.jar:3.4.0 45a1f99e0d65f13bdd379e60a5ca9a7b6d3a90bc]
	at com.coonchen.framework.cache.EhcacheProvider.<init>(EhcacheProvider.java:21) ~[classes/:?]
	at com.coonchen.framework.cache.CacheManagerFactory.<init>(CacheManagerFactory.java:36) ~[classes/:?]
	at com.coonchen.framework.cache.CacheManagerFactory.getInstance(CacheManagerFactory.java:31) ~[classes/:?]
	at com.coonchen.framework.cache.BaseCache.<init>(BaseCache.java:9) ~[classes/:?]
	at com.coonchen.core.cache.dir.UserSessionCache.<init>(UserSessionCache.java:10) ~[classes/:?]
	at sun.reflect.NativeConstructorAccessorImpl.newInstance0(Native Method) ~[?:1.8.0_144]
	at sun.reflect.NativeConstructorAccessorImpl.newInstance(NativeConstructorAccessorImpl.java:62) ~[?:1.8.0_144]
	at sun.reflect.DelegatingConstructorAccessorImpl.newInstance(DelegatingConstructorAccessorImpl.java:45) ~[?:1.8.0_144]
	at java.lang.reflect.Constructor.newInstance(Constructor.java:423) ~[?:1.8.0_144]
	at java.lang.Class.newInstance(Class.java:442) ~[?:1.8.0_144]
	at com.coonchen.framework.cache.CacheManagerFactory.<init>(CacheManagerFactory.java:42) ~[classes/:?]
	at com.coonchen.framework.cache.CacheManagerFactory.getInstance(CacheManagerFactory.java:31) ~[classes/:?]
	at com.coonchen.core.cache.CacheManager.<clinit>(CacheManager.java:22) ~[classes/:?]
	... 8 more
Caused by: java.lang.RuntimeException: Persistence directory already locked by this process: F:\EhcacheProvider
	at org.ehcache.impl.persistence.DefaultLocalPersistenceService.internalStart(DefaultLocalPersistenceService.java:95) ~[ehcache-3.4.0.jar:3.4.0 45a1f99e0d65f13bdd379e60a5ca9a7b6d3a90bc]
	at org.ehcache.impl.persistence.DefaultLocalPersistenceService.start(DefaultLocalPersistenceService.java:75) ~[ehcache-3.4.0.jar:3.4.0 45a1f99e0d65f13bdd379e60a5ca9a7b6d3a90bc]
	at org.ehcache.core.internal.service.ServiceLocator.startAllServices(ServiceLocator.java:118) ~[ehcache-3.4.0.jar:3.4.0 45a1f99e0d65f13bdd379e60a5ca9a7b6d3a90bc]
	at org.ehcache.core.EhcacheManager.init(EhcacheManager.java:560) ~[ehcache-3.4.0.jar:3.4.0 45a1f99e0d65f13bdd379e60a5ca9a7b6d3a90bc]
	at org.ehcache.config.builders.CacheManagerBuilder.build(CacheManagerBuilder.java:72) ~[ehcache-3.4.0.jar:3.4.0 45a1f99e0d65f13bdd379e60a5ca9a7b6d3a90bc]
	at com.coonchen.framework.cache.EhcacheProvider.<init>(EhcacheProvider.java:21) ~[classes/:?]
	at com.coonchen.framework.cache.CacheManagerFactory.<init>(CacheManagerFactory.java:36) ~[classes/:?]
	at com.coonchen.framework.cache.CacheManagerFactory.getInstance(CacheManagerFactory.java:31) ~[classes/:?]
	at com.coonchen.framework.cache.BaseCache.<init>(BaseCache.java:9) ~[classes/:?]
	at com.coonchen.core.cache.dir.UserSessionCache.<init>(UserSessionCache.java:10) ~[classes/:?]
	at sun.reflect.NativeConstructorAccessorImpl.newInstance0(Native Method) ~[?:1.8.0_144]
	at sun.reflect.NativeConstructorAccessorImpl.newInstance(NativeConstructorAccessorImpl.java:62) ~[?:1.8.0_144]
	at sun.reflect.DelegatingConstructorAccessorImpl.newInstance(DelegatingConstructorAccessorImpl.java:45) ~[?:1.8.0_144]
	at java.lang.reflect.Constructor.newInstance(Constructor.java:423) ~[?:1.8.0_144]
	at java.lang.Class.newInstance(Class.java:442) ~[?:1.8.0_144]
	at com.coonchen.framework.cache.CacheManagerFactory.<init>(CacheManagerFactory.java:42) ~[classes/:?]
	at com.coonchen.framework.cache.CacheManagerFactory.getInstance(CacheManagerFactory.java:31) ~[classes/:?]
	at com.coonchen.core.cache.CacheManager.<clinit>(CacheManager.java:22) ~[classes/:?]
	... 8 more
Caused by: java.nio.channels.OverlappingFileLockException
	at sun.nio.ch.SharedFileLockTable.checkList(FileLockTable.java:255) ~[?:1.8.0_144]
	at sun.nio.ch.SharedFileLockTable.add(FileLockTable.java:152) ~[?:1.8.0_144]
	at sun.nio.ch.FileChannelImpl.tryLock(FileChannelImpl.java:1108) ~[?:1.8.0_144]
	at java.nio.channels.FileChannel.tryLock(FileChannel.java:1155) ~[?:1.8.0_144]
	at org.ehcache.impl.persistence.DefaultLocalPersistenceService.internalStart(DefaultLocalPersistenceService.java:93) ~[ehcache-3.4.0.jar:3.4.0 45a1f99e0d65f13bdd379e60a5ca9a7b6d3a90bc]
	at org.ehcache.impl.persistence.DefaultLocalPersistenceService.start(DefaultLocalPersistenceService.java:75) ~[ehcache-3.4.0.jar:3.4.0 45a1f99e0d65f13bdd379e60a5ca9a7b6d3a90bc]
	at org.ehcache.core.internal.service.ServiceLocator.startAllServices(ServiceLocator.java:118) ~[ehcache-3.4.0.jar:3.4.0 45a1f99e0d65f13bdd379e60a5ca9a7b6d3a90bc]
	at org.ehcache.core.EhcacheManager.init(EhcacheManager.java:560) ~[ehcache-3.4.0.jar:3.4.0 45a1f99e0d65f13bdd379e60a5ca9a7b6d3a90bc]
	at org.ehcache.config.builders.CacheManagerBuilder.build(CacheManagerBuilder.java:72) ~[ehcache-3.4.0.jar:3.4.0 45a1f99e0d65f13bdd379e60a5ca9a7b6d3a90bc]
	at com.coonchen.framework.cache.EhcacheProvider.<init>(EhcacheProvider.java:21) ~[classes/:?]
	at com.coonchen.framework.cache.CacheManagerFactory.<init>(CacheManagerFactory.java:36) ~[classes/:?]
	at com.coonchen.framework.cache.CacheManagerFactory.getInstance(CacheManagerFactory.java:31) ~[classes/:?]
	at com.coonchen.framework.cache.BaseCache.<init>(BaseCache.java:9) ~[classes/:?]
	at com.coonchen.core.cache.dir.UserSessionCache.<init>(UserSessionCache.java:10) ~[classes/:?]
	at sun.reflect.NativeConstructorAccessorImpl.newInstance0(Native Method) ~[?:1.8.0_144]
	at sun.reflect.NativeConstructorAccessorImpl.newInstance(NativeConstructorAccessorImpl.java:62) ~[?:1.8.0_144]
	at sun.reflect.DelegatingConstructorAccessorImpl.newInstance(DelegatingConstructorAccessorImpl.java:45) ~[?:1.8.0_144]
	at java.lang.reflect.Constructor.newInstance(Constructor.java:423) ~[?:1.8.0_144]
	at java.lang.Class.newInstance(Class.java:442) ~[?:1.8.0_144]
	at com.coonchen.framework.cache.CacheManagerFactory.<init>(CacheManagerFactory.java:42) ~[classes/:?]
	at com.coonchen.framework.cache.CacheManagerFactory.getInstance(CacheManagerFactory.java:31) ~[classes/:?]
	at com.coonchen.core.cache.CacheManager.<clinit>(CacheManager.java:22) ~[classes/:?]
	... 8 more
[15:26:43:459] [ERROR] - org.ehcache.core.StatusTransitioner$Transition.failed(StatusTransitioner.java:231) - Initialize failed.
[15:26:43:475] [ERROR] - org.springframework.boot.SpringApplication.reportFailure(SpringApplication.java:771) - Application startup failed
java.lang.ExceptionInInitializerError: null
	at com.coonchen.core.listener.SystemListener.run(SystemListener.java:22) ~[classes/:?]
	at org.springframework.boot.SpringApplication.callRunner(SpringApplication.java:732) ~[spring-boot-1.5.6.RELEASE.jar:1.5.6.RELEASE]
	at org.springframework.boot.SpringApplication.callRunners(SpringApplication.java:716) [spring-boot-1.5.6.RELEASE.jar:1.5.6.RELEASE]
	at org.springframework.boot.SpringApplication.afterRefresh(SpringApplication.java:703) [spring-boot-1.5.6.RELEASE.jar:1.5.6.RELEASE]
	at org.springframework.boot.SpringApplication.run(SpringApplication.java:304) [spring-boot-1.5.6.RELEASE.jar:1.5.6.RELEASE]
	at org.springframework.boot.SpringApplication.run(SpringApplication.java:1118) [spring-boot-1.5.6.RELEASE.jar:1.5.6.RELEASE]
	at org.springframework.boot.SpringApplication.run(SpringApplication.java:1107) [spring-boot-1.5.6.RELEASE.jar:1.5.6.RELEASE]
	at com.App.main(App.java:15) [classes/:?]
Caused by: org.ehcache.StateTransitionException: Persistence directory already locked by this process: F:\EhcacheProvider
	at org.ehcache.core.StatusTransitioner$Transition.failed(StatusTransitioner.java:235) ~[ehcache-3.4.0.jar:3.4.0 45a1f99e0d65f13bdd379e60a5ca9a7b6d3a90bc]
	at org.ehcache.core.EhcacheManager.init(EhcacheManager.java:588) ~[ehcache-3.4.0.jar:3.4.0 45a1f99e0d65f13bdd379e60a5ca9a7b6d3a90bc]
	at org.ehcache.config.builders.CacheManagerBuilder.build(CacheManagerBuilder.java:72) ~[ehcache-3.4.0.jar:3.4.0 45a1f99e0d65f13bdd379e60a5ca9a7b6d3a90bc]
	at com.coonchen.framework.cache.EhcacheProvider.<init>(EhcacheProvider.java:21) ~[classes/:?]
	at com.coonchen.framework.cache.CacheManagerFactory.<init>(CacheManagerFactory.java:36) ~[classes/:?]
	at com.coonchen.framework.cache.CacheManagerFactory.getInstance(CacheManagerFactory.java:31) ~[classes/:?]
	at com.coonchen.framework.cache.BaseCache.<init>(BaseCache.java:9) ~[classes/:?]
	at com.coonchen.core.cache.dir.UserSessionCache.<init>(UserSessionCache.java:10) ~[classes/:?]
	at sun.reflect.NativeConstructorAccessorImpl.newInstance0(Native Method) ~[?:1.8.0_144]
	at sun.reflect.NativeConstructorAccessorImpl.newInstance(NativeConstructorAccessorImpl.java:62) ~[?:1.8.0_144]
	at sun.reflect.DelegatingConstructorAccessorImpl.newInstance(DelegatingConstructorAccessorImpl.java:45) ~[?:1.8.0_144]
	at java.lang.reflect.Constructor.newInstance(Constructor.java:423) ~[?:1.8.0_144]
	at java.lang.Class.newInstance(Class.java:442) ~[?:1.8.0_144]
	at com.coonchen.framework.cache.CacheManagerFactory.<init>(CacheManagerFactory.java:42) ~[classes/:?]
	at com.coonchen.framework.cache.CacheManagerFactory.getInstance(CacheManagerFactory.java:31) ~[classes/:?]
	at com.coonchen.core.cache.CacheManager.<clinit>(CacheManager.java:22) ~[classes/:?]
	... 8 more
Caused by: java.lang.RuntimeException: Persistence directory already locked by this process: F:\EhcacheProvider
	at org.ehcache.impl.persistence.DefaultLocalPersistenceService.internalStart(DefaultLocalPersistenceService.java:95) ~[ehcache-3.4.0.jar:3.4.0 45a1f99e0d65f13bdd379e60a5ca9a7b6d3a90bc]
	at org.ehcache.impl.persistence.DefaultLocalPersistenceService.start(DefaultLocalPersistenceService.java:75) ~[ehcache-3.4.0.jar:3.4.0 45a1f99e0d65f13bdd379e60a5ca9a7b6d3a90bc]
	at org.ehcache.core.internal.service.ServiceLocator.startAllServices(ServiceLocator.java:118) ~[ehcache-3.4.0.jar:3.4.0 45a1f99e0d65f13bdd379e60a5ca9a7b6d3a90bc]
	at org.ehcache.core.EhcacheManager.init(EhcacheManager.java:560) ~[ehcache-3.4.0.jar:3.4.0 45a1f99e0d65f13bdd379e60a5ca9a7b6d3a90bc]
	at org.ehcache.config.builders.CacheManagerBuilder.build(CacheManagerBuilder.java:72) ~[ehcache-3.4.0.jar:3.4.0 45a1f99e0d65f13bdd379e60a5ca9a7b6d3a90bc]
	at com.coonchen.framework.cache.EhcacheProvider.<init>(EhcacheProvider.java:21) ~[classes/:?]
	at com.coonchen.framework.cache.CacheManagerFactory.<init>(CacheManagerFactory.java:36) ~[classes/:?]
	at com.coonchen.framework.cache.CacheManagerFactory.getInstance(CacheManagerFactory.java:31) ~[classes/:?]
	at com.coonchen.framework.cache.BaseCache.<init>(BaseCache.java:9) ~[classes/:?]
	at com.coonchen.core.cache.dir.UserSessionCache.<init>(UserSessionCache.java:10) ~[classes/:?]
	at sun.reflect.NativeConstructorAccessorImpl.newInstance0(Native Method) ~[?:1.8.0_144]
	at sun.reflect.NativeConstructorAccessorImpl.newInstance(NativeConstructorAccessorImpl.java:62) ~[?:1.8.0_144]
	at sun.reflect.DelegatingConstructorAccessorImpl.newInstance(DelegatingConstructorAccessorImpl.java:45) ~[?:1.8.0_144]
	at java.lang.reflect.Constructor.newInstance(Constructor.java:423) ~[?:1.8.0_144]
	at java.lang.Class.newInstance(Class.java:442) ~[?:1.8.0_144]
	at com.coonchen.framework.cache.CacheManagerFactory.<init>(CacheManagerFactory.java:42) ~[classes/:?]
	at com.coonchen.framework.cache.CacheManagerFactory.getInstance(CacheManagerFactory.java:31) ~[classes/:?]
	at com.coonchen.core.cache.CacheManager.<clinit>(CacheManager.java:22) ~[classes/:?]
	... 8 more
Caused by: java.nio.channels.OverlappingFileLockException
	at sun.nio.ch.SharedFileLockTable.checkList(FileLockTable.java:255) ~[?:1.8.0_144]
	at sun.nio.ch.SharedFileLockTable.add(FileLockTable.java:152) ~[?:1.8.0_144]
	at sun.nio.ch.FileChannelImpl.tryLock(FileChannelImpl.java:1108) ~[?:1.8.0_144]
	at java.nio.channels.FileChannel.tryLock(FileChannel.java:1155) ~[?:1.8.0_144]
	at org.ehcache.impl.persistence.DefaultLocalPersistenceService.internalStart(DefaultLocalPersistenceService.java:93) ~[ehcache-3.4.0.jar:3.4.0 45a1f99e0d65f13bdd379e60a5ca9a7b6d3a90bc]
	at org.ehcache.impl.persistence.DefaultLocalPersistenceService.start(DefaultLocalPersistenceService.java:75) ~[ehcache-3.4.0.jar:3.4.0 45a1f99e0d65f13bdd379e60a5ca9a7b6d3a90bc]
	at org.ehcache.core.internal.service.ServiceLocator.startAllServices(ServiceLocator.java:118) ~[ehcache-3.4.0.jar:3.4.0 45a1f99e0d65f13bdd379e60a5ca9a7b6d3a90bc]
	at org.ehcache.core.EhcacheManager.init(EhcacheManager.java:560) ~[ehcache-3.4.0.jar:3.4.0 45a1f99e0d65f13bdd379e60a5ca9a7b6d3a90bc]
	at org.ehcache.config.builders.CacheManagerBuilder.build(CacheManagerBuilder.java:72) ~[ehcache-3.4.0.jar:3.4.0 45a1f99e0d65f13bdd379e60a5ca9a7b6d3a90bc]
	at com.coonchen.framework.cache.EhcacheProvider.<init>(EhcacheProvider.java:21) ~[classes/:?]
	at com.coonchen.framework.cache.CacheManagerFactory.<init>(CacheManagerFactory.java:36) ~[classes/:?]
	at com.coonchen.framework.cache.CacheManagerFactory.getInstance(CacheManagerFactory.java:31) ~[classes/:?]
	at com.coonchen.framework.cache.BaseCache.<init>(BaseCache.java:9) ~[classes/:?]
	at com.coonchen.core.cache.dir.UserSessionCache.<init>(UserSessionCache.java:10) ~[classes/:?]
	at sun.reflect.NativeConstructorAccessorImpl.newInstance0(Native Method) ~[?:1.8.0_144]
	at sun.reflect.NativeConstructorAccessorImpl.newInstance(NativeConstructorAccessorImpl.java:62) ~[?:1.8.0_144]
	at sun.reflect.DelegatingConstructorAccessorImpl.newInstance(DelegatingConstructorAccessorImpl.java:45) ~[?:1.8.0_144]
	at java.lang.reflect.Constructor.newInstance(Constructor.java:423) ~[?:1.8.0_144]
	at java.lang.Class.newInstance(Class.java:442) ~[?:1.8.0_144]
	at com.coonchen.framework.cache.CacheManagerFactory.<init>(CacheManagerFactory.java:42) ~[classes/:?]
	at com.coonchen.framework.cache.CacheManagerFactory.getInstance(CacheManagerFactory.java:31) ~[classes/:?]
	at com.coonchen.core.cache.CacheManager.<clinit>(CacheManager.java:22) ~[classes/:?]
	... 8 more
[15:27:15:082] [ERROR] - org.ehcache.core.StatusTransitioner$Transition.failed(StatusTransitioner.java:231) - Initialize failed.
[15:27:15:114] [ERROR] - org.springframework.boot.SpringApplication.reportFailure(SpringApplication.java:771) - Application startup failed
java.lang.ExceptionInInitializerError: null
	at com.coonchen.core.listener.SystemListener.run(SystemListener.java:22) ~[classes/:?]
	at org.springframework.boot.SpringApplication.callRunner(SpringApplication.java:732) ~[spring-boot-1.5.6.RELEASE.jar:1.5.6.RELEASE]
	at org.springframework.boot.SpringApplication.callRunners(SpringApplication.java:716) [spring-boot-1.5.6.RELEASE.jar:1.5.6.RELEASE]
	at org.springframework.boot.SpringApplication.afterRefresh(SpringApplication.java:703) [spring-boot-1.5.6.RELEASE.jar:1.5.6.RELEASE]
	at org.springframework.boot.SpringApplication.run(SpringApplication.java:304) [spring-boot-1.5.6.RELEASE.jar:1.5.6.RELEASE]
	at org.springframework.boot.SpringApplication.run(SpringApplication.java:1118) [spring-boot-1.5.6.RELEASE.jar:1.5.6.RELEASE]
	at org.springframework.boot.SpringApplication.run(SpringApplication.java:1107) [spring-boot-1.5.6.RELEASE.jar:1.5.6.RELEASE]
	at com.App.main(App.java:15) [classes/:?]
Caused by: org.ehcache.StateTransitionException: Persistence directory already locked by this process: F:\EhcacheProvider
	at org.ehcache.core.StatusTransitioner$Transition.failed(StatusTransitioner.java:235) ~[ehcache-3.4.0.jar:3.4.0 45a1f99e0d65f13bdd379e60a5ca9a7b6d3a90bc]
	at org.ehcache.core.EhcacheManager.init(EhcacheManager.java:588) ~[ehcache-3.4.0.jar:3.4.0 45a1f99e0d65f13bdd379e60a5ca9a7b6d3a90bc]
	at org.ehcache.config.builders.CacheManagerBuilder.build(CacheManagerBuilder.java:72) ~[ehcache-3.4.0.jar:3.4.0 45a1f99e0d65f13bdd379e60a5ca9a7b6d3a90bc]
	at com.coonchen.framework.cache.EhcacheProvider.<init>(EhcacheProvider.java:21) ~[classes/:?]
	at com.coonchen.framework.cache.CacheManagerFactory.<init>(CacheManagerFactory.java:36) ~[classes/:?]
	at com.coonchen.framework.cache.CacheManagerFactory.getInstance(CacheManagerFactory.java:31) ~[classes/:?]
	at com.coonchen.framework.cache.BaseCache.<init>(BaseCache.java:9) ~[classes/:?]
	at com.coonchen.core.cache.dir.UserSessionCache.<init>(UserSessionCache.java:10) ~[classes/:?]
	at sun.reflect.NativeConstructorAccessorImpl.newInstance0(Native Method) ~[?:1.8.0_144]
	at sun.reflect.NativeConstructorAccessorImpl.newInstance(NativeConstructorAccessorImpl.java:62) ~[?:1.8.0_144]
	at sun.reflect.DelegatingConstructorAccessorImpl.newInstance(DelegatingConstructorAccessorImpl.java:45) ~[?:1.8.0_144]
	at java.lang.reflect.Constructor.newInstance(Constructor.java:423) ~[?:1.8.0_144]
	at java.lang.Class.newInstance(Class.java:442) ~[?:1.8.0_144]
	at com.coonchen.framework.cache.CacheManagerFactory.<init>(CacheManagerFactory.java:42) ~[classes/:?]
	at com.coonchen.framework.cache.CacheManagerFactory.getInstance(CacheManagerFactory.java:31) ~[classes/:?]
	at com.coonchen.core.cache.CacheManager.<clinit>(CacheManager.java:22) ~[classes/:?]
	... 8 more
Caused by: java.lang.RuntimeException: Persistence directory already locked by this process: F:\EhcacheProvider
	at org.ehcache.impl.persistence.DefaultLocalPersistenceService.internalStart(DefaultLocalPersistenceService.java:95) ~[ehcache-3.4.0.jar:3.4.0 45a1f99e0d65f13bdd379e60a5ca9a7b6d3a90bc]
	at org.ehcache.impl.persistence.DefaultLocalPersistenceService.start(DefaultLocalPersistenceService.java:75) ~[ehcache-3.4.0.jar:3.4.0 45a1f99e0d65f13bdd379e60a5ca9a7b6d3a90bc]
	at org.ehcache.core.internal.service.ServiceLocator.startAllServices(ServiceLocator.java:118) ~[ehcache-3.4.0.jar:3.4.0 45a1f99e0d65f13bdd379e60a5ca9a7b6d3a90bc]
	at org.ehcache.core.EhcacheManager.init(EhcacheManager.java:560) ~[ehcache-3.4.0.jar:3.4.0 45a1f99e0d65f13bdd379e60a5ca9a7b6d3a90bc]
	at org.ehcache.config.builders.CacheManagerBuilder.build(CacheManagerBuilder.java:72) ~[ehcache-3.4.0.jar:3.4.0 45a1f99e0d65f13bdd379e60a5ca9a7b6d3a90bc]
	at com.coonchen.framework.cache.EhcacheProvider.<init>(EhcacheProvider.java:21) ~[classes/:?]
	at com.coonchen.framework.cache.CacheManagerFactory.<init>(CacheManagerFactory.java:36) ~[classes/:?]
	at com.coonchen.framework.cache.CacheManagerFactory.getInstance(CacheManagerFactory.java:31) ~[classes/:?]
	at com.coonchen.framework.cache.BaseCache.<init>(BaseCache.java:9) ~[classes/:?]
	at com.coonchen.core.cache.dir.UserSessionCache.<init>(UserSessionCache.java:10) ~[classes/:?]
	at sun.reflect.NativeConstructorAccessorImpl.newInstance0(Native Method) ~[?:1.8.0_144]
	at sun.reflect.NativeConstructorAccessorImpl.newInstance(NativeConstructorAccessorImpl.java:62) ~[?:1.8.0_144]
	at sun.reflect.DelegatingConstructorAccessorImpl.newInstance(DelegatingConstructorAccessorImpl.java:45) ~[?:1.8.0_144]
	at java.lang.reflect.Constructor.newInstance(Constructor.java:423) ~[?:1.8.0_144]
	at java.lang.Class.newInstance(Class.java:442) ~[?:1.8.0_144]
	at com.coonchen.framework.cache.CacheManagerFactory.<init>(CacheManagerFactory.java:42) ~[classes/:?]
	at com.coonchen.framework.cache.CacheManagerFactory.getInstance(CacheManagerFactory.java:31) ~[classes/:?]
	at com.coonchen.core.cache.CacheManager.<clinit>(CacheManager.java:22) ~[classes/:?]
	... 8 more
Caused by: java.nio.channels.OverlappingFileLockException
	at sun.nio.ch.SharedFileLockTable.checkList(FileLockTable.java:255) ~[?:1.8.0_144]
	at sun.nio.ch.SharedFileLockTable.add(FileLockTable.java:152) ~[?:1.8.0_144]
	at sun.nio.ch.FileChannelImpl.tryLock(FileChannelImpl.java:1108) ~[?:1.8.0_144]
	at java.nio.channels.FileChannel.tryLock(FileChannel.java:1155) ~[?:1.8.0_144]
	at org.ehcache.impl.persistence.DefaultLocalPersistenceService.internalStart(DefaultLocalPersistenceService.java:93) ~[ehcache-3.4.0.jar:3.4.0 45a1f99e0d65f13bdd379e60a5ca9a7b6d3a90bc]
	at org.ehcache.impl.persistence.DefaultLocalPersistenceService.start(DefaultLocalPersistenceService.java:75) ~[ehcache-3.4.0.jar:3.4.0 45a1f99e0d65f13bdd379e60a5ca9a7b6d3a90bc]
	at org.ehcache.core.internal.service.ServiceLocator.startAllServices(ServiceLocator.java:118) ~[ehcache-3.4.0.jar:3.4.0 45a1f99e0d65f13bdd379e60a5ca9a7b6d3a90bc]
	at org.ehcache.core.EhcacheManager.init(EhcacheManager.java:560) ~[ehcache-3.4.0.jar:3.4.0 45a1f99e0d65f13bdd379e60a5ca9a7b6d3a90bc]
	at org.ehcache.config.builders.CacheManagerBuilder.build(CacheManagerBuilder.java:72) ~[ehcache-3.4.0.jar:3.4.0 45a1f99e0d65f13bdd379e60a5ca9a7b6d3a90bc]
	at com.coonchen.framework.cache.EhcacheProvider.<init>(EhcacheProvider.java:21) ~[classes/:?]
	at com.coonchen.framework.cache.CacheManagerFactory.<init>(CacheManagerFactory.java:36) ~[classes/:?]
	at com.coonchen.framework.cache.CacheManagerFactory.getInstance(CacheManagerFactory.java:31) ~[classes/:?]
	at com.coonchen.framework.cache.BaseCache.<init>(BaseCache.java:9) ~[classes/:?]
	at com.coonchen.core.cache.dir.UserSessionCache.<init>(UserSessionCache.java:10) ~[classes/:?]
	at sun.reflect.NativeConstructorAccessorImpl.newInstance0(Native Method) ~[?:1.8.0_144]
	at sun.reflect.NativeConstructorAccessorImpl.newInstance(NativeConstructorAccessorImpl.java:62) ~[?:1.8.0_144]
	at sun.reflect.DelegatingConstructorAccessorImpl.newInstance(DelegatingConstructorAccessorImpl.java:45) ~[?:1.8.0_144]
	at java.lang.reflect.Constructor.newInstance(Constructor.java:423) ~[?:1.8.0_144]
	at java.lang.Class.newInstance(Class.java:442) ~[?:1.8.0_144]
	at com.coonchen.framework.cache.CacheManagerFactory.<init>(CacheManagerFactory.java:42) ~[classes/:?]
	at com.coonchen.framework.cache.CacheManagerFactory.getInstance(CacheManagerFactory.java:31) ~[classes/:?]
	at com.coonchen.core.cache.CacheManager.<clinit>(CacheManager.java:22) ~[classes/:?]
	... 8 more
[15:28:53:355] [ERROR] - org.ehcache.core.StatusTransitioner$Transition.failed(StatusTransitioner.java:231) - Initialize failed.
[15:28:53:386] [ERROR] - org.springframework.boot.SpringApplication.reportFailure(SpringApplication.java:771) - Application startup failed
java.lang.ExceptionInInitializerError: null
	at com.coonchen.core.listener.SystemListener.run(SystemListener.java:22) ~[classes/:?]
	at org.springframework.boot.SpringApplication.callRunner(SpringApplication.java:732) ~[spring-boot-1.5.6.RELEASE.jar:1.5.6.RELEASE]
	at org.springframework.boot.SpringApplication.callRunners(SpringApplication.java:716) [spring-boot-1.5.6.RELEASE.jar:1.5.6.RELEASE]
	at org.springframework.boot.SpringApplication.afterRefresh(SpringApplication.java:703) [spring-boot-1.5.6.RELEASE.jar:1.5.6.RELEASE]
	at org.springframework.boot.SpringApplication.run(SpringApplication.java:304) [spring-boot-1.5.6.RELEASE.jar:1.5.6.RELEASE]
	at org.springframework.boot.SpringApplication.run(SpringApplication.java:1118) [spring-boot-1.5.6.RELEASE.jar:1.5.6.RELEASE]
	at org.springframework.boot.SpringApplication.run(SpringApplication.java:1107) [spring-boot-1.5.6.RELEASE.jar:1.5.6.RELEASE]
	at com.App.main(App.java:15) [classes/:?]
Caused by: org.ehcache.StateTransitionException: Persistence directory already locked by this process: F:\EhcacheProvider
	at org.ehcache.core.StatusTransitioner$Transition.failed(StatusTransitioner.java:235) ~[ehcache-3.4.0.jar:3.4.0 45a1f99e0d65f13bdd379e60a5ca9a7b6d3a90bc]
	at org.ehcache.core.EhcacheManager.init(EhcacheManager.java:588) ~[ehcache-3.4.0.jar:3.4.0 45a1f99e0d65f13bdd379e60a5ca9a7b6d3a90bc]
	at org.ehcache.config.builders.CacheManagerBuilder.build(CacheManagerBuilder.java:72) ~[ehcache-3.4.0.jar:3.4.0 45a1f99e0d65f13bdd379e60a5ca9a7b6d3a90bc]
	at com.coonchen.framework.cache.EhcacheProvider.<init>(EhcacheProvider.java:21) ~[classes/:?]
	at com.coonchen.framework.cache.CacheManagerFactory.<init>(CacheManagerFactory.java:36) ~[classes/:?]
	at com.coonchen.framework.cache.CacheManagerFactory.getInstance(CacheManagerFactory.java:31) ~[classes/:?]
	at com.coonchen.framework.cache.BaseCache.<init>(BaseCache.java:9) ~[classes/:?]
	at com.coonchen.core.cache.dir.UserSessionCache.<init>(UserSessionCache.java:10) ~[classes/:?]
	at sun.reflect.NativeConstructorAccessorImpl.newInstance0(Native Method) ~[?:1.8.0_144]
	at sun.reflect.NativeConstructorAccessorImpl.newInstance(NativeConstructorAccessorImpl.java:62) ~[?:1.8.0_144]
	at sun.reflect.DelegatingConstructorAccessorImpl.newInstance(DelegatingConstructorAccessorImpl.java:45) ~[?:1.8.0_144]
	at java.lang.reflect.Constructor.newInstance(Constructor.java:423) ~[?:1.8.0_144]
	at java.lang.Class.newInstance(Class.java:442) ~[?:1.8.0_144]
	at com.coonchen.framework.cache.CacheManagerFactory.<init>(CacheManagerFactory.java:42) ~[classes/:?]
	at com.coonchen.framework.cache.CacheManagerFactory.getInstance(CacheManagerFactory.java:31) ~[classes/:?]
	at com.coonchen.core.cache.CacheManager.<clinit>(CacheManager.java:22) ~[classes/:?]
	... 8 more
Caused by: java.lang.RuntimeException: Persistence directory already locked by this process: F:\EhcacheProvider
	at org.ehcache.impl.persistence.DefaultLocalPersistenceService.internalStart(DefaultLocalPersistenceService.java:95) ~[ehcache-3.4.0.jar:3.4.0 45a1f99e0d65f13bdd379e60a5ca9a7b6d3a90bc]
	at org.ehcache.impl.persistence.DefaultLocalPersistenceService.start(DefaultLocalPersistenceService.java:75) ~[ehcache-3.4.0.jar:3.4.0 45a1f99e0d65f13bdd379e60a5ca9a7b6d3a90bc]
	at org.ehcache.core.internal.service.ServiceLocator.startAllServices(ServiceLocator.java:118) ~[ehcache-3.4.0.jar:3.4.0 45a1f99e0d65f13bdd379e60a5ca9a7b6d3a90bc]
	at org.ehcache.core.EhcacheManager.init(EhcacheManager.java:560) ~[ehcache-3.4.0.jar:3.4.0 45a1f99e0d65f13bdd379e60a5ca9a7b6d3a90bc]
	at org.ehcache.config.builders.CacheManagerBuilder.build(CacheManagerBuilder.java:72) ~[ehcache-3.4.0.jar:3.4.0 45a1f99e0d65f13bdd379e60a5ca9a7b6d3a90bc]
	at com.coonchen.framework.cache.EhcacheProvider.<init>(EhcacheProvider.java:21) ~[classes/:?]
	at com.coonchen.framework.cache.CacheManagerFactory.<init>(CacheManagerFactory.java:36) ~[classes/:?]
	at com.coonchen.framework.cache.CacheManagerFactory.getInstance(CacheManagerFactory.java:31) ~[classes/:?]
	at com.coonchen.framework.cache.BaseCache.<init>(BaseCache.java:9) ~[classes/:?]
	at com.coonchen.core.cache.dir.UserSessionCache.<init>(UserSessionCache.java:10) ~[classes/:?]
	at sun.reflect.NativeConstructorAccessorImpl.newInstance0(Native Method) ~[?:1.8.0_144]
	at sun.reflect.NativeConstructorAccessorImpl.newInstance(NativeConstructorAccessorImpl.java:62) ~[?:1.8.0_144]
	at sun.reflect.DelegatingConstructorAccessorImpl.newInstance(DelegatingConstructorAccessorImpl.java:45) ~[?:1.8.0_144]
	at java.lang.reflect.Constructor.newInstance(Constructor.java:423) ~[?:1.8.0_144]
	at java.lang.Class.newInstance(Class.java:442) ~[?:1.8.0_144]
	at com.coonchen.framework.cache.CacheManagerFactory.<init>(CacheManagerFactory.java:42) ~[classes/:?]
	at com.coonchen.framework.cache.CacheManagerFactory.getInstance(CacheManagerFactory.java:31) ~[classes/:?]
	at com.coonchen.core.cache.CacheManager.<clinit>(CacheManager.java:22) ~[classes/:?]
	... 8 more
Caused by: java.nio.channels.OverlappingFileLockException
	at sun.nio.ch.SharedFileLockTable.checkList(FileLockTable.java:255) ~[?:1.8.0_144]
	at sun.nio.ch.SharedFileLockTable.add(FileLockTable.java:152) ~[?:1.8.0_144]
	at sun.nio.ch.FileChannelImpl.tryLock(FileChannelImpl.java:1108) ~[?:1.8.0_144]
	at java.nio.channels.FileChannel.tryLock(FileChannel.java:1155) ~[?:1.8.0_144]
	at org.ehcache.impl.persistence.DefaultLocalPersistenceService.internalStart(DefaultLocalPersistenceService.java:93) ~[ehcache-3.4.0.jar:3.4.0 45a1f99e0d65f13bdd379e60a5ca9a7b6d3a90bc]
	at org.ehcache.impl.persistence.DefaultLocalPersistenceService.start(DefaultLocalPersistenceService.java:75) ~[ehcache-3.4.0.jar:3.4.0 45a1f99e0d65f13bdd379e60a5ca9a7b6d3a90bc]
	at org.ehcache.core.internal.service.ServiceLocator.startAllServices(ServiceLocator.java:118) ~[ehcache-3.4.0.jar:3.4.0 45a1f99e0d65f13bdd379e60a5ca9a7b6d3a90bc]
	at org.ehcache.core.EhcacheManager.init(EhcacheManager.java:560) ~[ehcache-3.4.0.jar:3.4.0 45a1f99e0d65f13bdd379e60a5ca9a7b6d3a90bc]
	at org.ehcache.config.builders.CacheManagerBuilder.build(CacheManagerBuilder.java:72) ~[ehcache-3.4.0.jar:3.4.0 45a1f99e0d65f13bdd379e60a5ca9a7b6d3a90bc]
	at com.coonchen.framework.cache.EhcacheProvider.<init>(EhcacheProvider.java:21) ~[classes/:?]
	at com.coonchen.framework.cache.CacheManagerFactory.<init>(CacheManagerFactory.java:36) ~[classes/:?]
	at com.coonchen.framework.cache.CacheManagerFactory.getInstance(CacheManagerFactory.java:31) ~[classes/:?]
	at com.coonchen.framework.cache.BaseCache.<init>(BaseCache.java:9) ~[classes/:?]
	at com.coonchen.core.cache.dir.UserSessionCache.<init>(UserSessionCache.java:10) ~[classes/:?]
	at sun.reflect.NativeConstructorAccessorImpl.newInstance0(Native Method) ~[?:1.8.0_144]
	at sun.reflect.NativeConstructorAccessorImpl.newInstance(NativeConstructorAccessorImpl.java:62) ~[?:1.8.0_144]
	at sun.reflect.DelegatingConstructorAccessorImpl.newInstance(DelegatingConstructorAccessorImpl.java:45) ~[?:1.8.0_144]
	at java.lang.reflect.Constructor.newInstance(Constructor.java:423) ~[?:1.8.0_144]
	at java.lang.Class.newInstance(Class.java:442) ~[?:1.8.0_144]
	at com.coonchen.framework.cache.CacheManagerFactory.<init>(CacheManagerFactory.java:42) ~[classes/:?]
	at com.coonchen.framework.cache.CacheManagerFactory.getInstance(CacheManagerFactory.java:31) ~[classes/:?]
	at com.coonchen.core.cache.CacheManager.<clinit>(CacheManager.java:22) ~[classes/:?]
	... 8 more
[15:30:04:638] [ERROR] - org.ehcache.core.StatusTransitioner$Transition.failed(StatusTransitioner.java:231) - Initialize failed.
[15:30:04:654] [ERROR] - org.springframework.boot.SpringApplication.reportFailure(SpringApplication.java:771) - Application startup failed
java.lang.ExceptionInInitializerError: null
	at com.coonchen.core.listener.SystemListener.run(SystemListener.java:22) ~[classes/:?]
	at org.springframework.boot.SpringApplication.callRunner(SpringApplication.java:732) ~[spring-boot-1.5.6.RELEASE.jar:1.5.6.RELEASE]
	at org.springframework.boot.SpringApplication.callRunners(SpringApplication.java:716) [spring-boot-1.5.6.RELEASE.jar:1.5.6.RELEASE]
	at org.springframework.boot.SpringApplication.afterRefresh(SpringApplication.java:703) [spring-boot-1.5.6.RELEASE.jar:1.5.6.RELEASE]
	at org.springframework.boot.SpringApplication.run(SpringApplication.java:304) [spring-boot-1.5.6.RELEASE.jar:1.5.6.RELEASE]
	at org.springframework.boot.SpringApplication.run(SpringApplication.java:1118) [spring-boot-1.5.6.RELEASE.jar:1.5.6.RELEASE]
	at org.springframework.boot.SpringApplication.run(SpringApplication.java:1107) [spring-boot-1.5.6.RELEASE.jar:1.5.6.RELEASE]
	at com.App.main(App.java:15) [classes/:?]
Caused by: org.ehcache.StateTransitionException: Persistence directory already locked by this process: F:\EhcacheProvider
	at org.ehcache.core.StatusTransitioner$Transition.failed(StatusTransitioner.java:235) ~[ehcache-3.4.0.jar:3.4.0 45a1f99e0d65f13bdd379e60a5ca9a7b6d3a90bc]
	at org.ehcache.core.EhcacheManager.init(EhcacheManager.java:588) ~[ehcache-3.4.0.jar:3.4.0 45a1f99e0d65f13bdd379e60a5ca9a7b6d3a90bc]
	at org.ehcache.config.builders.CacheManagerBuilder.build(CacheManagerBuilder.java:72) ~[ehcache-3.4.0.jar:3.4.0 45a1f99e0d65f13bdd379e60a5ca9a7b6d3a90bc]
	at com.coonchen.framework.cache.EhcacheProvider.<init>(EhcacheProvider.java:21) ~[classes/:?]
	at com.coonchen.framework.cache.CacheManagerFactory.<init>(CacheManagerFactory.java:36) ~[classes/:?]
	at com.coonchen.framework.cache.CacheManagerFactory.getInstance(CacheManagerFactory.java:31) ~[classes/:?]
	at com.coonchen.framework.cache.BaseCache.<init>(BaseCache.java:9) ~[classes/:?]
	at com.coonchen.core.cache.dir.UserSessionCache.<init>(UserSessionCache.java:10) ~[classes/:?]
	at sun.reflect.NativeConstructorAccessorImpl.newInstance0(Native Method) ~[?:1.8.0_144]
	at sun.reflect.NativeConstructorAccessorImpl.newInstance(NativeConstructorAccessorImpl.java:62) ~[?:1.8.0_144]
	at sun.reflect.DelegatingConstructorAccessorImpl.newInstance(DelegatingConstructorAccessorImpl.java:45) ~[?:1.8.0_144]
	at java.lang.reflect.Constructor.newInstance(Constructor.java:423) ~[?:1.8.0_144]
	at java.lang.Class.newInstance(Class.java:442) ~[?:1.8.0_144]
	at com.coonchen.framework.cache.CacheManagerFactory.<init>(CacheManagerFactory.java:42) ~[classes/:?]
	at com.coonchen.framework.cache.CacheManagerFactory.getInstance(CacheManagerFactory.java:31) ~[classes/:?]
	at com.coonchen.core.cache.CacheManager.<clinit>(CacheManager.java:22) ~[classes/:?]
	... 8 more
Caused by: java.lang.RuntimeException: Persistence directory already locked by this process: F:\EhcacheProvider
	at org.ehcache.impl.persistence.DefaultLocalPersistenceService.internalStart(DefaultLocalPersistenceService.java:95) ~[ehcache-3.4.0.jar:3.4.0 45a1f99e0d65f13bdd379e60a5ca9a7b6d3a90bc]
	at org.ehcache.impl.persistence.DefaultLocalPersistenceService.start(DefaultLocalPersistenceService.java:75) ~[ehcache-3.4.0.jar:3.4.0 45a1f99e0d65f13bdd379e60a5ca9a7b6d3a90bc]
	at org.ehcache.core.internal.service.ServiceLocator.startAllServices(ServiceLocator.java:118) ~[ehcache-3.4.0.jar:3.4.0 45a1f99e0d65f13bdd379e60a5ca9a7b6d3a90bc]
	at org.ehcache.core.EhcacheManager.init(EhcacheManager.java:560) ~[ehcache-3.4.0.jar:3.4.0 45a1f99e0d65f13bdd379e60a5ca9a7b6d3a90bc]
	at org.ehcache.config.builders.CacheManagerBuilder.build(CacheManagerBuilder.java:72) ~[ehcache-3.4.0.jar:3.4.0 45a1f99e0d65f13bdd379e60a5ca9a7b6d3a90bc]
	at com.coonchen.framework.cache.EhcacheProvider.<init>(EhcacheProvider.java:21) ~[classes/:?]
	at com.coonchen.framework.cache.CacheManagerFactory.<init>(CacheManagerFactory.java:36) ~[classes/:?]
	at com.coonchen.framework.cache.CacheManagerFactory.getInstance(CacheManagerFactory.java:31) ~[classes/:?]
	at com.coonchen.framework.cache.BaseCache.<init>(BaseCache.java:9) ~[classes/:?]
	at com.coonchen.core.cache.dir.UserSessionCache.<init>(UserSessionCache.java:10) ~[classes/:?]
	at sun.reflect.NativeConstructorAccessorImpl.newInstance0(Native Method) ~[?:1.8.0_144]
	at sun.reflect.NativeConstructorAccessorImpl.newInstance(NativeConstructorAccessorImpl.java:62) ~[?:1.8.0_144]
	at sun.reflect.DelegatingConstructorAccessorImpl.newInstance(DelegatingConstructorAccessorImpl.java:45) ~[?:1.8.0_144]
	at java.lang.reflect.Constructor.newInstance(Constructor.java:423) ~[?:1.8.0_144]
	at java.lang.Class.newInstance(Class.java:442) ~[?:1.8.0_144]
	at com.coonchen.framework.cache.CacheManagerFactory.<init>(CacheManagerFactory.java:42) ~[classes/:?]
	at com.coonchen.framework.cache.CacheManagerFactory.getInstance(CacheManagerFactory.java:31) ~[classes/:?]
	at com.coonchen.core.cache.CacheManager.<clinit>(CacheManager.java:22) ~[classes/:?]
	... 8 more
Caused by: java.nio.channels.OverlappingFileLockException
	at sun.nio.ch.SharedFileLockTable.checkList(FileLockTable.java:255) ~[?:1.8.0_144]
	at sun.nio.ch.SharedFileLockTable.add(FileLockTable.java:152) ~[?:1.8.0_144]
	at sun.nio.ch.FileChannelImpl.tryLock(FileChannelImpl.java:1108) ~[?:1.8.0_144]
	at java.nio.channels.FileChannel.tryLock(FileChannel.java:1155) ~[?:1.8.0_144]
	at org.ehcache.impl.persistence.DefaultLocalPersistenceService.internalStart(DefaultLocalPersistenceService.java:93) ~[ehcache-3.4.0.jar:3.4.0 45a1f99e0d65f13bdd379e60a5ca9a7b6d3a90bc]
	at org.ehcache.impl.persistence.DefaultLocalPersistenceService.start(DefaultLocalPersistenceService.java:75) ~[ehcache-3.4.0.jar:3.4.0 45a1f99e0d65f13bdd379e60a5ca9a7b6d3a90bc]
	at org.ehcache.core.internal.service.ServiceLocator.startAllServices(ServiceLocator.java:118) ~[ehcache-3.4.0.jar:3.4.0 45a1f99e0d65f13bdd379e60a5ca9a7b6d3a90bc]
	at org.ehcache.core.EhcacheManager.init(EhcacheManager.java:560) ~[ehcache-3.4.0.jar:3.4.0 45a1f99e0d65f13bdd379e60a5ca9a7b6d3a90bc]
	at org.ehcache.config.builders.CacheManagerBuilder.build(CacheManagerBuilder.java:72) ~[ehcache-3.4.0.jar:3.4.0 45a1f99e0d65f13bdd379e60a5ca9a7b6d3a90bc]
	at com.coonchen.framework.cache.EhcacheProvider.<init>(EhcacheProvider.java:21) ~[classes/:?]
	at com.coonchen.framework.cache.CacheManagerFactory.<init>(CacheManagerFactory.java:36) ~[classes/:?]
	at com.coonchen.framework.cache.CacheManagerFactory.getInstance(CacheManagerFactory.java:31) ~[classes/:?]
	at com.coonchen.framework.cache.BaseCache.<init>(BaseCache.java:9) ~[classes/:?]
	at com.coonchen.core.cache.dir.UserSessionCache.<init>(UserSessionCache.java:10) ~[classes/:?]
	at sun.reflect.NativeConstructorAccessorImpl.newInstance0(Native Method) ~[?:1.8.0_144]
	at sun.reflect.NativeConstructorAccessorImpl.newInstance(NativeConstructorAccessorImpl.java:62) ~[?:1.8.0_144]
	at sun.reflect.DelegatingConstructorAccessorImpl.newInstance(DelegatingConstructorAccessorImpl.java:45) ~[?:1.8.0_144]
	at java.lang.reflect.Constructor.newInstance(Constructor.java:423) ~[?:1.8.0_144]
	at java.lang.Class.newInstance(Class.java:442) ~[?:1.8.0_144]
	at com.coonchen.framework.cache.CacheManagerFactory.<init>(CacheManagerFactory.java:42) ~[classes/:?]
	at com.coonchen.framework.cache.CacheManagerFactory.getInstance(CacheManagerFactory.java:31) ~[classes/:?]
	at com.coonchen.core.cache.CacheManager.<clinit>(CacheManager.java:22) ~[classes/:?]
	... 8 more
[15:39:13:498] [ERROR] - org.ehcache.core.StatusTransitioner$Transition.failed(StatusTransitioner.java:231) - Initialize failed.
[15:39:13:513] [ERROR] - org.springframework.boot.SpringApplication.reportFailure(SpringApplication.java:771) - Application startup failed
java.lang.ExceptionInInitializerError: null
	at com.coonchen.core.listener.SystemListener.run(SystemListener.java:22) ~[classes/:?]
	at org.springframework.boot.SpringApplication.callRunner(SpringApplication.java:732) ~[spring-boot-1.5.6.RELEASE.jar:1.5.6.RELEASE]
	at org.springframework.boot.SpringApplication.callRunners(SpringApplication.java:716) [spring-boot-1.5.6.RELEASE.jar:1.5.6.RELEASE]
	at org.springframework.boot.SpringApplication.afterRefresh(SpringApplication.java:703) [spring-boot-1.5.6.RELEASE.jar:1.5.6.RELEASE]
	at org.springframework.boot.SpringApplication.run(SpringApplication.java:304) [spring-boot-1.5.6.RELEASE.jar:1.5.6.RELEASE]
	at org.springframework.boot.SpringApplication.run(SpringApplication.java:1118) [spring-boot-1.5.6.RELEASE.jar:1.5.6.RELEASE]
	at org.springframework.boot.SpringApplication.run(SpringApplication.java:1107) [spring-boot-1.5.6.RELEASE.jar:1.5.6.RELEASE]
	at com.App.main(App.java:15) [classes/:?]
Caused by: org.ehcache.StateTransitionException: Persistence directory already locked by this process: F:\EhcacheProvider
	at org.ehcache.core.StatusTransitioner$Transition.failed(StatusTransitioner.java:235) ~[ehcache-3.4.0.jar:3.4.0 45a1f99e0d65f13bdd379e60a5ca9a7b6d3a90bc]
	at org.ehcache.core.EhcacheManager.init(EhcacheManager.java:588) ~[ehcache-3.4.0.jar:3.4.0 45a1f99e0d65f13bdd379e60a5ca9a7b6d3a90bc]
	at org.ehcache.config.builders.CacheManagerBuilder.build(CacheManagerBuilder.java:72) ~[ehcache-3.4.0.jar:3.4.0 45a1f99e0d65f13bdd379e60a5ca9a7b6d3a90bc]
	at com.coonchen.framework.cache.EhcacheProvider.<init>(EhcacheProvider.java:21) ~[classes/:?]
	at com.coonchen.framework.cache.CacheManagerFactory.<init>(CacheManagerFactory.java:36) ~[classes/:?]
	at com.coonchen.framework.cache.CacheManagerFactory.getInstance(CacheManagerFactory.java:31) ~[classes/:?]
	at com.coonchen.framework.cache.BaseCache.<init>(BaseCache.java:9) ~[classes/:?]
	at com.coonchen.core.cache.dir.UserSessionCache.<init>(UserSessionCache.java:10) ~[classes/:?]
	at sun.reflect.NativeConstructorAccessorImpl.newInstance0(Native Method) ~[?:1.8.0_144]
	at sun.reflect.NativeConstructorAccessorImpl.newInstance(NativeConstructorAccessorImpl.java:62) ~[?:1.8.0_144]
	at sun.reflect.DelegatingConstructorAccessorImpl.newInstance(DelegatingConstructorAccessorImpl.java:45) ~[?:1.8.0_144]
	at java.lang.reflect.Constructor.newInstance(Constructor.java:423) ~[?:1.8.0_144]
	at java.lang.Class.newInstance(Class.java:442) ~[?:1.8.0_144]
	at com.coonchen.framework.cache.CacheManagerFactory.<init>(CacheManagerFactory.java:42) ~[classes/:?]
	at com.coonchen.framework.cache.CacheManagerFactory.getInstance(CacheManagerFactory.java:31) ~[classes/:?]
	at com.coonchen.core.cache.CacheManager.<clinit>(CacheManager.java:22) ~[classes/:?]
	... 8 more
Caused by: java.lang.RuntimeException: Persistence directory already locked by this process: F:\EhcacheProvider
	at org.ehcache.impl.persistence.DefaultLocalPersistenceService.internalStart(DefaultLocalPersistenceService.java:95) ~[ehcache-3.4.0.jar:3.4.0 45a1f99e0d65f13bdd379e60a5ca9a7b6d3a90bc]
	at org.ehcache.impl.persistence.DefaultLocalPersistenceService.start(DefaultLocalPersistenceService.java:75) ~[ehcache-3.4.0.jar:3.4.0 45a1f99e0d65f13bdd379e60a5ca9a7b6d3a90bc]
	at org.ehcache.core.internal.service.ServiceLocator.startAllServices(ServiceLocator.java:118) ~[ehcache-3.4.0.jar:3.4.0 45a1f99e0d65f13bdd379e60a5ca9a7b6d3a90bc]
	at org.ehcache.core.EhcacheManager.init(EhcacheManager.java:560) ~[ehcache-3.4.0.jar:3.4.0 45a1f99e0d65f13bdd379e60a5ca9a7b6d3a90bc]
	at org.ehcache.config.builders.CacheManagerBuilder.build(CacheManagerBuilder.java:72) ~[ehcache-3.4.0.jar:3.4.0 45a1f99e0d65f13bdd379e60a5ca9a7b6d3a90bc]
	at com.coonchen.framework.cache.EhcacheProvider.<init>(EhcacheProvider.java:21) ~[classes/:?]
	at com.coonchen.framework.cache.CacheManagerFactory.<init>(CacheManagerFactory.java:36) ~[classes/:?]
	at com.coonchen.framework.cache.CacheManagerFactory.getInstance(CacheManagerFactory.java:31) ~[classes/:?]
	at com.coonchen.framework.cache.BaseCache.<init>(BaseCache.java:9) ~[classes/:?]
	at com.coonchen.core.cache.dir.UserSessionCache.<init>(UserSessionCache.java:10) ~[classes/:?]
	at sun.reflect.NativeConstructorAccessorImpl.newInstance0(Native Method) ~[?:1.8.0_144]
	at sun.reflect.NativeConstructorAccessorImpl.newInstance(NativeConstructorAccessorImpl.java:62) ~[?:1.8.0_144]
	at sun.reflect.DelegatingConstructorAccessorImpl.newInstance(DelegatingConstructorAccessorImpl.java:45) ~[?:1.8.0_144]
	at java.lang.reflect.Constructor.newInstance(Constructor.java:423) ~[?:1.8.0_144]
	at java.lang.Class.newInstance(Class.java:442) ~[?:1.8.0_144]
	at com.coonchen.framework.cache.CacheManagerFactory.<init>(CacheManagerFactory.java:42) ~[classes/:?]
	at com.coonchen.framework.cache.CacheManagerFactory.getInstance(CacheManagerFactory.java:31) ~[classes/:?]
	at com.coonchen.core.cache.CacheManager.<clinit>(CacheManager.java:22) ~[classes/:?]
	... 8 more
Caused by: java.nio.channels.OverlappingFileLockException
	at sun.nio.ch.SharedFileLockTable.checkList(FileLockTable.java:255) ~[?:1.8.0_144]
	at sun.nio.ch.SharedFileLockTable.add(FileLockTable.java:152) ~[?:1.8.0_144]
	at sun.nio.ch.FileChannelImpl.tryLock(FileChannelImpl.java:1108) ~[?:1.8.0_144]
	at java.nio.channels.FileChannel.tryLock(FileChannel.java:1155) ~[?:1.8.0_144]
	at org.ehcache.impl.persistence.DefaultLocalPersistenceService.internalStart(DefaultLocalPersistenceService.java:93) ~[ehcache-3.4.0.jar:3.4.0 45a1f99e0d65f13bdd379e60a5ca9a7b6d3a90bc]
	at org.ehcache.impl.persistence.DefaultLocalPersistenceService.start(DefaultLocalPersistenceService.java:75) ~[ehcache-3.4.0.jar:3.4.0 45a1f99e0d65f13bdd379e60a5ca9a7b6d3a90bc]
	at org.ehcache.core.internal.service.ServiceLocator.startAllServices(ServiceLocator.java:118) ~[ehcache-3.4.0.jar:3.4.0 45a1f99e0d65f13bdd379e60a5ca9a7b6d3a90bc]
	at org.ehcache.core.EhcacheManager.init(EhcacheManager.java:560) ~[ehcache-3.4.0.jar:3.4.0 45a1f99e0d65f13bdd379e60a5ca9a7b6d3a90bc]
	at org.ehcache.config.builders.CacheManagerBuilder.build(CacheManagerBuilder.java:72) ~[ehcache-3.4.0.jar:3.4.0 45a1f99e0d65f13bdd379e60a5ca9a7b6d3a90bc]
	at com.coonchen.framework.cache.EhcacheProvider.<init>(EhcacheProvider.java:21) ~[classes/:?]
	at com.coonchen.framework.cache.CacheManagerFactory.<init>(CacheManagerFactory.java:36) ~[classes/:?]
	at com.coonchen.framework.cache.CacheManagerFactory.getInstance(CacheManagerFactory.java:31) ~[classes/:?]
	at com.coonchen.framework.cache.BaseCache.<init>(BaseCache.java:9) ~[classes/:?]
	at com.coonchen.core.cache.dir.UserSessionCache.<init>(UserSessionCache.java:10) ~[classes/:?]
	at sun.reflect.NativeConstructorAccessorImpl.newInstance0(Native Method) ~[?:1.8.0_144]
	at sun.reflect.NativeConstructorAccessorImpl.newInstance(NativeConstructorAccessorImpl.java:62) ~[?:1.8.0_144]
	at sun.reflect.DelegatingConstructorAccessorImpl.newInstance(DelegatingConstructorAccessorImpl.java:45) ~[?:1.8.0_144]
	at java.lang.reflect.Constructor.newInstance(Constructor.java:423) ~[?:1.8.0_144]
	at java.lang.Class.newInstance(Class.java:442) ~[?:1.8.0_144]
	at com.coonchen.framework.cache.CacheManagerFactory.<init>(CacheManagerFactory.java:42) ~[classes/:?]
	at com.coonchen.framework.cache.CacheManagerFactory.getInstance(CacheManagerFactory.java:31) ~[classes/:?]
	at com.coonchen.core.cache.CacheManager.<clinit>(CacheManager.java:22) ~[classes/:?]
	... 8 more
[15:40:05:830] [ERROR] - org.ehcache.core.StatusTransitioner$Transition.failed(StatusTransitioner.java:231) - Initialize failed.
[15:40:05:844] [ERROR] - org.springframework.boot.SpringApplication.reportFailure(SpringApplication.java:771) - Application startup failed
java.lang.ExceptionInInitializerError: null
	at com.coonchen.core.listener.SystemListener.run(SystemListener.java:22) ~[classes/:?]
	at org.springframework.boot.SpringApplication.callRunner(SpringApplication.java:732) ~[spring-boot-1.5.6.RELEASE.jar:1.5.6.RELEASE]
	at org.springframework.boot.SpringApplication.callRunners(SpringApplication.java:716) [spring-boot-1.5.6.RELEASE.jar:1.5.6.RELEASE]
	at org.springframework.boot.SpringApplication.afterRefresh(SpringApplication.java:703) [spring-boot-1.5.6.RELEASE.jar:1.5.6.RELEASE]
	at org.springframework.boot.SpringApplication.run(SpringApplication.java:304) [spring-boot-1.5.6.RELEASE.jar:1.5.6.RELEASE]
	at org.springframework.boot.SpringApplication.run(SpringApplication.java:1118) [spring-boot-1.5.6.RELEASE.jar:1.5.6.RELEASE]
	at org.springframework.boot.SpringApplication.run(SpringApplication.java:1107) [spring-boot-1.5.6.RELEASE.jar:1.5.6.RELEASE]
	at com.App.main(App.java:15) [classes/:?]
Caused by: org.ehcache.StateTransitionException: Persistence directory already locked by this process: F:\EhcacheProvider
	at org.ehcache.core.StatusTransitioner$Transition.failed(StatusTransitioner.java:235) ~[ehcache-3.4.0.jar:3.4.0 45a1f99e0d65f13bdd379e60a5ca9a7b6d3a90bc]
	at org.ehcache.core.EhcacheManager.init(EhcacheManager.java:588) ~[ehcache-3.4.0.jar:3.4.0 45a1f99e0d65f13bdd379e60a5ca9a7b6d3a90bc]
	at org.ehcache.config.builders.CacheManagerBuilder.build(CacheManagerBuilder.java:72) ~[ehcache-3.4.0.jar:3.4.0 45a1f99e0d65f13bdd379e60a5ca9a7b6d3a90bc]
	at com.coonchen.framework.cache.EhcacheProvider.<init>(EhcacheProvider.java:21) ~[classes/:?]
	at com.coonchen.framework.cache.CacheManagerFactory.<init>(CacheManagerFactory.java:36) ~[classes/:?]
	at com.coonchen.framework.cache.CacheManagerFactory.getInstance(CacheManagerFactory.java:31) ~[classes/:?]
	at com.coonchen.framework.cache.BaseCache.<init>(BaseCache.java:9) ~[classes/:?]
	at com.coonchen.core.cache.dir.UserSessionCache.<init>(UserSessionCache.java:10) ~[classes/:?]
	at sun.reflect.NativeConstructorAccessorImpl.newInstance0(Native Method) ~[?:1.8.0_144]
	at sun.reflect.NativeConstructorAccessorImpl.newInstance(NativeConstructorAccessorImpl.java:62) ~[?:1.8.0_144]
	at sun.reflect.DelegatingConstructorAccessorImpl.newInstance(DelegatingConstructorAccessorImpl.java:45) ~[?:1.8.0_144]
	at java.lang.reflect.Constructor.newInstance(Constructor.java:423) ~[?:1.8.0_144]
	at java.lang.Class.newInstance(Class.java:442) ~[?:1.8.0_144]
	at com.coonchen.framework.cache.CacheManagerFactory.<init>(CacheManagerFactory.java:42) ~[classes/:?]
	at com.coonchen.framework.cache.CacheManagerFactory.getInstance(CacheManagerFactory.java:31) ~[classes/:?]
	at com.coonchen.core.cache.CacheManager.<clinit>(CacheManager.java:22) ~[classes/:?]
	... 8 more
Caused by: java.lang.RuntimeException: Persistence directory already locked by this process: F:\EhcacheProvider
	at org.ehcache.impl.persistence.DefaultLocalPersistenceService.internalStart(DefaultLocalPersistenceService.java:95) ~[ehcache-3.4.0.jar:3.4.0 45a1f99e0d65f13bdd379e60a5ca9a7b6d3a90bc]
	at org.ehcache.impl.persistence.DefaultLocalPersistenceService.start(DefaultLocalPersistenceService.java:75) ~[ehcache-3.4.0.jar:3.4.0 45a1f99e0d65f13bdd379e60a5ca9a7b6d3a90bc]
	at org.ehcache.core.internal.service.ServiceLocator.startAllServices(ServiceLocator.java:118) ~[ehcache-3.4.0.jar:3.4.0 45a1f99e0d65f13bdd379e60a5ca9a7b6d3a90bc]
	at org.ehcache.core.EhcacheManager.init(EhcacheManager.java:560) ~[ehcache-3.4.0.jar:3.4.0 45a1f99e0d65f13bdd379e60a5ca9a7b6d3a90bc]
	at org.ehcache.config.builders.CacheManagerBuilder.build(CacheManagerBuilder.java:72) ~[ehcache-3.4.0.jar:3.4.0 45a1f99e0d65f13bdd379e60a5ca9a7b6d3a90bc]
	at com.coonchen.framework.cache.EhcacheProvider.<init>(EhcacheProvider.java:21) ~[classes/:?]
	at com.coonchen.framework.cache.CacheManagerFactory.<init>(CacheManagerFactory.java:36) ~[classes/:?]
	at com.coonchen.framework.cache.CacheManagerFactory.getInstance(CacheManagerFactory.java:31) ~[classes/:?]
	at com.coonchen.framework.cache.BaseCache.<init>(BaseCache.java:9) ~[classes/:?]
	at com.coonchen.core.cache.dir.UserSessionCache.<init>(UserSessionCache.java:10) ~[classes/:?]
	at sun.reflect.NativeConstructorAccessorImpl.newInstance0(Native Method) ~[?:1.8.0_144]
	at sun.reflect.NativeConstructorAccessorImpl.newInstance(NativeConstructorAccessorImpl.java:62) ~[?:1.8.0_144]
	at sun.reflect.DelegatingConstructorAccessorImpl.newInstance(DelegatingConstructorAccessorImpl.java:45) ~[?:1.8.0_144]
	at java.lang.reflect.Constructor.newInstance(Constructor.java:423) ~[?:1.8.0_144]
	at java.lang.Class.newInstance(Class.java:442) ~[?:1.8.0_144]
	at com.coonchen.framework.cache.CacheManagerFactory.<init>(CacheManagerFactory.java:42) ~[classes/:?]
	at com.coonchen.framework.cache.CacheManagerFactory.getInstance(CacheManagerFactory.java:31) ~[classes/:?]
	at com.coonchen.core.cache.CacheManager.<clinit>(CacheManager.java:22) ~[classes/:?]
	... 8 more
Caused by: java.nio.channels.OverlappingFileLockException
	at sun.nio.ch.SharedFileLockTable.checkList(FileLockTable.java:255) ~[?:1.8.0_144]
	at sun.nio.ch.SharedFileLockTable.add(FileLockTable.java:152) ~[?:1.8.0_144]
	at sun.nio.ch.FileChannelImpl.tryLock(FileChannelImpl.java:1108) ~[?:1.8.0_144]
	at java.nio.channels.FileChannel.tryLock(FileChannel.java:1155) ~[?:1.8.0_144]
	at org.ehcache.impl.persistence.DefaultLocalPersistenceService.internalStart(DefaultLocalPersistenceService.java:93) ~[ehcache-3.4.0.jar:3.4.0 45a1f99e0d65f13bdd379e60a5ca9a7b6d3a90bc]
	at org.ehcache.impl.persistence.DefaultLocalPersistenceService.start(DefaultLocalPersistenceService.java:75) ~[ehcache-3.4.0.jar:3.4.0 45a1f99e0d65f13bdd379e60a5ca9a7b6d3a90bc]
	at org.ehcache.core.internal.service.ServiceLocator.startAllServices(ServiceLocator.java:118) ~[ehcache-3.4.0.jar:3.4.0 45a1f99e0d65f13bdd379e60a5ca9a7b6d3a90bc]
	at org.ehcache.core.EhcacheManager.init(EhcacheManager.java:560) ~[ehcache-3.4.0.jar:3.4.0 45a1f99e0d65f13bdd379e60a5ca9a7b6d3a90bc]
	at org.ehcache.config.builders.CacheManagerBuilder.build(CacheManagerBuilder.java:72) ~[ehcache-3.4.0.jar:3.4.0 45a1f99e0d65f13bdd379e60a5ca9a7b6d3a90bc]
	at com.coonchen.framework.cache.EhcacheProvider.<init>(EhcacheProvider.java:21) ~[classes/:?]
	at com.coonchen.framework.cache.CacheManagerFactory.<init>(CacheManagerFactory.java:36) ~[classes/:?]
	at com.coonchen.framework.cache.CacheManagerFactory.getInstance(CacheManagerFactory.java:31) ~[classes/:?]
	at com.coonchen.framework.cache.BaseCache.<init>(BaseCache.java:9) ~[classes/:?]
	at com.coonchen.core.cache.dir.UserSessionCache.<init>(UserSessionCache.java:10) ~[classes/:?]
	at sun.reflect.NativeConstructorAccessorImpl.newInstance0(Native Method) ~[?:1.8.0_144]
	at sun.reflect.NativeConstructorAccessorImpl.newInstance(NativeConstructorAccessorImpl.java:62) ~[?:1.8.0_144]
	at sun.reflect.DelegatingConstructorAccessorImpl.newInstance(DelegatingConstructorAccessorImpl.java:45) ~[?:1.8.0_144]
	at java.lang.reflect.Constructor.newInstance(Constructor.java:423) ~[?:1.8.0_144]
	at java.lang.Class.newInstance(Class.java:442) ~[?:1.8.0_144]
	at com.coonchen.framework.cache.CacheManagerFactory.<init>(CacheManagerFactory.java:42) ~[classes/:?]
	at com.coonchen.framework.cache.CacheManagerFactory.getInstance(CacheManagerFactory.java:31) ~[classes/:?]
	at com.coonchen.core.cache.CacheManager.<clinit>(CacheManager.java:22) ~[classes/:?]
	... 8 more
[15:42:22:828] [ERROR] - org.ehcache.core.StatusTransitioner$Transition.failed(StatusTransitioner.java:231) - Initialize failed.
[15:42:23:996] [ERROR] - org.springframework.boot.SpringApplication.reportFailure(SpringApplication.java:771) - Application startup failed
java.lang.ExceptionInInitializerError: null
	at com.coonchen.core.listener.SystemListener.run(SystemListener.java:22) ~[classes/:?]
	at org.springframework.boot.SpringApplication.callRunner(SpringApplication.java:732) ~[spring-boot-1.5.6.RELEASE.jar:1.5.6.RELEASE]
	at org.springframework.boot.SpringApplication.callRunners(SpringApplication.java:716) [spring-boot-1.5.6.RELEASE.jar:1.5.6.RELEASE]
	at org.springframework.boot.SpringApplication.afterRefresh(SpringApplication.java:703) [spring-boot-1.5.6.RELEASE.jar:1.5.6.RELEASE]
	at org.springframework.boot.SpringApplication.run(SpringApplication.java:304) [spring-boot-1.5.6.RELEASE.jar:1.5.6.RELEASE]
	at org.springframework.boot.SpringApplication.run(SpringApplication.java:1118) [spring-boot-1.5.6.RELEASE.jar:1.5.6.RELEASE]
	at org.springframework.boot.SpringApplication.run(SpringApplication.java:1107) [spring-boot-1.5.6.RELEASE.jar:1.5.6.RELEASE]
	at com.App.main(App.java:15) [classes/:?]
Caused by: org.ehcache.StateTransitionException: Persistence directory already locked by this process: F:\EhcacheProvider
	at org.ehcache.core.StatusTransitioner$Transition.failed(StatusTransitioner.java:235) ~[ehcache-3.4.0.jar:3.4.0 45a1f99e0d65f13bdd379e60a5ca9a7b6d3a90bc]
	at org.ehcache.core.EhcacheManager.init(EhcacheManager.java:588) ~[ehcache-3.4.0.jar:3.4.0 45a1f99e0d65f13bdd379e60a5ca9a7b6d3a90bc]
	at org.ehcache.config.builders.CacheManagerBuilder.build(CacheManagerBuilder.java:72) ~[ehcache-3.4.0.jar:3.4.0 45a1f99e0d65f13bdd379e60a5ca9a7b6d3a90bc]
	at com.coonchen.framework.cache.EhcacheProvider.<init>(EhcacheProvider.java:21) ~[classes/:?]
	at com.coonchen.framework.cache.CacheManagerFactory.<init>(CacheManagerFactory.java:36) ~[classes/:?]
	at com.coonchen.framework.cache.CacheManagerFactory.getInstance(CacheManagerFactory.java:31) ~[classes/:?]
	at com.coonchen.framework.cache.BaseCache.<init>(BaseCache.java:9) ~[classes/:?]
	at com.coonchen.core.cache.dir.UserSessionCache.<init>(UserSessionCache.java:10) ~[classes/:?]
	at sun.reflect.NativeConstructorAccessorImpl.newInstance0(Native Method) ~[?:1.8.0_144]
	at sun.reflect.NativeConstructorAccessorImpl.newInstance(NativeConstructorAccessorImpl.java:62) ~[?:1.8.0_144]
	at sun.reflect.DelegatingConstructorAccessorImpl.newInstance(DelegatingConstructorAccessorImpl.java:45) ~[?:1.8.0_144]
	at java.lang.reflect.Constructor.newInstance(Constructor.java:423) ~[?:1.8.0_144]
	at java.lang.Class.newInstance(Class.java:442) ~[?:1.8.0_144]
	at com.coonchen.framework.cache.CacheManagerFactory.<init>(CacheManagerFactory.java:42) ~[classes/:?]
	at com.coonchen.framework.cache.CacheManagerFactory.getInstance(CacheManagerFactory.java:31) ~[classes/:?]
	at com.coonchen.core.cache.CacheManager.<clinit>(CacheManager.java:22) ~[classes/:?]
	... 8 more
Caused by: java.lang.RuntimeException: Persistence directory already locked by this process: F:\EhcacheProvider
	at org.ehcache.impl.persistence.DefaultLocalPersistenceService.internalStart(DefaultLocalPersistenceService.java:95) ~[ehcache-3.4.0.jar:3.4.0 45a1f99e0d65f13bdd379e60a5ca9a7b6d3a90bc]
	at org.ehcache.impl.persistence.DefaultLocalPersistenceService.start(DefaultLocalPersistenceService.java:75) ~[ehcache-3.4.0.jar:3.4.0 45a1f99e0d65f13bdd379e60a5ca9a7b6d3a90bc]
	at org.ehcache.core.internal.service.ServiceLocator.startAllServices(ServiceLocator.java:118) ~[ehcache-3.4.0.jar:3.4.0 45a1f99e0d65f13bdd379e60a5ca9a7b6d3a90bc]
	at org.ehcache.core.EhcacheManager.init(EhcacheManager.java:560) ~[ehcache-3.4.0.jar:3.4.0 45a1f99e0d65f13bdd379e60a5ca9a7b6d3a90bc]
	at org.ehcache.config.builders.CacheManagerBuilder.build(CacheManagerBuilder.java:72) ~[ehcache-3.4.0.jar:3.4.0 45a1f99e0d65f13bdd379e60a5ca9a7b6d3a90bc]
	at com.coonchen.framework.cache.EhcacheProvider.<init>(EhcacheProvider.java:21) ~[classes/:?]
	at com.coonchen.framework.cache.CacheManagerFactory.<init>(CacheManagerFactory.java:36) ~[classes/:?]
	at com.coonchen.framework.cache.CacheManagerFactory.getInstance(CacheManagerFactory.java:31) ~[classes/:?]
	at com.coonchen.framework.cache.BaseCache.<init>(BaseCache.java:9) ~[classes/:?]
	at com.coonchen.core.cache.dir.UserSessionCache.<init>(UserSessionCache.java:10) ~[classes/:?]
	at sun.reflect.NativeConstructorAccessorImpl.newInstance0(Native Method) ~[?:1.8.0_144]
	at sun.reflect.NativeConstructorAccessorImpl.newInstance(NativeConstructorAccessorImpl.java:62) ~[?:1.8.0_144]
	at sun.reflect.DelegatingConstructorAccessorImpl.newInstance(DelegatingConstructorAccessorImpl.java:45) ~[?:1.8.0_144]
	at java.lang.reflect.Constructor.newInstance(Constructor.java:423) ~[?:1.8.0_144]
	at java.lang.Class.newInstance(Class.java:442) ~[?:1.8.0_144]
	at com.coonchen.framework.cache.CacheManagerFactory.<init>(CacheManagerFactory.java:42) ~[classes/:?]
	at com.coonchen.framework.cache.CacheManagerFactory.getInstance(CacheManagerFactory.java:31) ~[classes/:?]
	at com.coonchen.core.cache.CacheManager.<clinit>(CacheManager.java:22) ~[classes/:?]
	... 8 more
Caused by: java.nio.channels.OverlappingFileLockException
	at sun.nio.ch.SharedFileLockTable.checkList(FileLockTable.java:255) ~[?:1.8.0_144]
	at sun.nio.ch.SharedFileLockTable.add(FileLockTable.java:152) ~[?:1.8.0_144]
	at sun.nio.ch.FileChannelImpl.tryLock(FileChannelImpl.java:1108) ~[?:1.8.0_144]
	at java.nio.channels.FileChannel.tryLock(FileChannel.java:1155) ~[?:1.8.0_144]
	at org.ehcache.impl.persistence.DefaultLocalPersistenceService.internalStart(DefaultLocalPersistenceService.java:93) ~[ehcache-3.4.0.jar:3.4.0 45a1f99e0d65f13bdd379e60a5ca9a7b6d3a90bc]
	at org.ehcache.impl.persistence.DefaultLocalPersistenceService.start(DefaultLocalPersistenceService.java:75) ~[ehcache-3.4.0.jar:3.4.0 45a1f99e0d65f13bdd379e60a5ca9a7b6d3a90bc]
	at org.ehcache.core.internal.service.ServiceLocator.startAllServices(ServiceLocator.java:118) ~[ehcache-3.4.0.jar:3.4.0 45a1f99e0d65f13bdd379e60a5ca9a7b6d3a90bc]
	at org.ehcache.core.EhcacheManager.init(EhcacheManager.java:560) ~[ehcache-3.4.0.jar:3.4.0 45a1f99e0d65f13bdd379e60a5ca9a7b6d3a90bc]
	at org.ehcache.config.builders.CacheManagerBuilder.build(CacheManagerBuilder.java:72) ~[ehcache-3.4.0.jar:3.4.0 45a1f99e0d65f13bdd379e60a5ca9a7b6d3a90bc]
	at com.coonchen.framework.cache.EhcacheProvider.<init>(EhcacheProvider.java:21) ~[classes/:?]
	at com.coonchen.framework.cache.CacheManagerFactory.<init>(CacheManagerFactory.java:36) ~[classes/:?]
	at com.coonchen.framework.cache.CacheManagerFactory.getInstance(CacheManagerFactory.java:31) ~[classes/:?]
	at com.coonchen.framework.cache.BaseCache.<init>(BaseCache.java:9) ~[classes/:?]
	at com.coonchen.core.cache.dir.UserSessionCache.<init>(UserSessionCache.java:10) ~[classes/:?]
	at sun.reflect.NativeConstructorAccessorImpl.newInstance0(Native Method) ~[?:1.8.0_144]
	at sun.reflect.NativeConstructorAccessorImpl.newInstance(NativeConstructorAccessorImpl.java:62) ~[?:1.8.0_144]
	at sun.reflect.DelegatingConstructorAccessorImpl.newInstance(DelegatingConstructorAccessorImpl.java:45) ~[?:1.8.0_144]
	at java.lang.reflect.Constructor.newInstance(Constructor.java:423) ~[?:1.8.0_144]
	at java.lang.Class.newInstance(Class.java:442) ~[?:1.8.0_144]
	at com.coonchen.framework.cache.CacheManagerFactory.<init>(CacheManagerFactory.java:42) ~[classes/:?]
	at com.coonchen.framework.cache.CacheManagerFactory.getInstance(CacheManagerFactory.java:31) ~[classes/:?]
	at com.coonchen.core.cache.CacheManager.<clinit>(CacheManager.java:22) ~[classes/:?]
	... 8 more
[15:42:55:227] [ERROR] - org.ehcache.core.StatusTransitioner$Transition.failed(StatusTransitioner.java:231) - Initialize failed.
[15:42:55:241] [ERROR] - org.springframework.boot.SpringApplication.reportFailure(SpringApplication.java:771) - Application startup failed
java.lang.ExceptionInInitializerError: null
	at com.coonchen.core.listener.SystemListener.run(SystemListener.java:22) ~[classes/:?]
	at org.springframework.boot.SpringApplication.callRunner(SpringApplication.java:732) ~[spring-boot-1.5.6.RELEASE.jar:1.5.6.RELEASE]
	at org.springframework.boot.SpringApplication.callRunners(SpringApplication.java:716) [spring-boot-1.5.6.RELEASE.jar:1.5.6.RELEASE]
	at org.springframework.boot.SpringApplication.afterRefresh(SpringApplication.java:703) [spring-boot-1.5.6.RELEASE.jar:1.5.6.RELEASE]
	at org.springframework.boot.SpringApplication.run(SpringApplication.java:304) [spring-boot-1.5.6.RELEASE.jar:1.5.6.RELEASE]
	at org.springframework.boot.SpringApplication.run(SpringApplication.java:1118) [spring-boot-1.5.6.RELEASE.jar:1.5.6.RELEASE]
	at org.springframework.boot.SpringApplication.run(SpringApplication.java:1107) [spring-boot-1.5.6.RELEASE.jar:1.5.6.RELEASE]
	at com.App.main(App.java:15) [classes/:?]
Caused by: org.ehcache.StateTransitionException: Persistence directory already locked by this process: F:\EhcacheProvider
	at org.ehcache.core.StatusTransitioner$Transition.failed(StatusTransitioner.java:235) ~[ehcache-3.4.0.jar:3.4.0 45a1f99e0d65f13bdd379e60a5ca9a7b6d3a90bc]
	at org.ehcache.core.EhcacheManager.init(EhcacheManager.java:588) ~[ehcache-3.4.0.jar:3.4.0 45a1f99e0d65f13bdd379e60a5ca9a7b6d3a90bc]
	at org.ehcache.config.builders.CacheManagerBuilder.build(CacheManagerBuilder.java:72) ~[ehcache-3.4.0.jar:3.4.0 45a1f99e0d65f13bdd379e60a5ca9a7b6d3a90bc]
	at com.coonchen.framework.cache.EhcacheProvider.<init>(EhcacheProvider.java:21) ~[classes/:?]
	at com.coonchen.framework.cache.CacheManagerFactory.<init>(CacheManagerFactory.java:36) ~[classes/:?]
	at com.coonchen.framework.cache.CacheManagerFactory.getInstance(CacheManagerFactory.java:31) ~[classes/:?]
	at com.coonchen.framework.cache.BaseCache.<init>(BaseCache.java:9) ~[classes/:?]
	at com.coonchen.core.cache.dir.UserSessionCache.<init>(UserSessionCache.java:10) ~[classes/:?]
	at sun.reflect.NativeConstructorAccessorImpl.newInstance0(Native Method) ~[?:1.8.0_144]
	at sun.reflect.NativeConstructorAccessorImpl.newInstance(NativeConstructorAccessorImpl.java:62) ~[?:1.8.0_144]
	at sun.reflect.DelegatingConstructorAccessorImpl.newInstance(DelegatingConstructorAccessorImpl.java:45) ~[?:1.8.0_144]
	at java.lang.reflect.Constructor.newInstance(Constructor.java:423) ~[?:1.8.0_144]
	at java.lang.Class.newInstance(Class.java:442) ~[?:1.8.0_144]
	at com.coonchen.framework.cache.CacheManagerFactory.<init>(CacheManagerFactory.java:42) ~[classes/:?]
	at com.coonchen.framework.cache.CacheManagerFactory.getInstance(CacheManagerFactory.java:31) ~[classes/:?]
	at com.coonchen.core.cache.CacheManager.<clinit>(CacheManager.java:22) ~[classes/:?]
	... 8 more
Caused by: java.lang.RuntimeException: Persistence directory already locked by this process: F:\EhcacheProvider
	at org.ehcache.impl.persistence.DefaultLocalPersistenceService.internalStart(DefaultLocalPersistenceService.java:95) ~[ehcache-3.4.0.jar:3.4.0 45a1f99e0d65f13bdd379e60a5ca9a7b6d3a90bc]
	at org.ehcache.impl.persistence.DefaultLocalPersistenceService.start(DefaultLocalPersistenceService.java:75) ~[ehcache-3.4.0.jar:3.4.0 45a1f99e0d65f13bdd379e60a5ca9a7b6d3a90bc]
	at org.ehcache.core.internal.service.ServiceLocator.startAllServices(ServiceLocator.java:118) ~[ehcache-3.4.0.jar:3.4.0 45a1f99e0d65f13bdd379e60a5ca9a7b6d3a90bc]
	at org.ehcache.core.EhcacheManager.init(EhcacheManager.java:560) ~[ehcache-3.4.0.jar:3.4.0 45a1f99e0d65f13bdd379e60a5ca9a7b6d3a90bc]
	at org.ehcache.config.builders.CacheManagerBuilder.build(CacheManagerBuilder.java:72) ~[ehcache-3.4.0.jar:3.4.0 45a1f99e0d65f13bdd379e60a5ca9a7b6d3a90bc]
	at com.coonchen.framework.cache.EhcacheProvider.<init>(EhcacheProvider.java:21) ~[classes/:?]
	at com.coonchen.framework.cache.CacheManagerFactory.<init>(CacheManagerFactory.java:36) ~[classes/:?]
	at com.coonchen.framework.cache.CacheManagerFactory.getInstance(CacheManagerFactory.java:31) ~[classes/:?]
	at com.coonchen.framework.cache.BaseCache.<init>(BaseCache.java:9) ~[classes/:?]
	at com.coonchen.core.cache.dir.UserSessionCache.<init>(UserSessionCache.java:10) ~[classes/:?]
	at sun.reflect.NativeConstructorAccessorImpl.newInstance0(Native Method) ~[?:1.8.0_144]
	at sun.reflect.NativeConstructorAccessorImpl.newInstance(NativeConstructorAccessorImpl.java:62) ~[?:1.8.0_144]
	at sun.reflect.DelegatingConstructorAccessorImpl.newInstance(DelegatingConstructorAccessorImpl.java:45) ~[?:1.8.0_144]
	at java.lang.reflect.Constructor.newInstance(Constructor.java:423) ~[?:1.8.0_144]
	at java.lang.Class.newInstance(Class.java:442) ~[?:1.8.0_144]
	at com.coonchen.framework.cache.CacheManagerFactory.<init>(CacheManagerFactory.java:42) ~[classes/:?]
	at com.coonchen.framework.cache.CacheManagerFactory.getInstance(CacheManagerFactory.java:31) ~[classes/:?]
	at com.coonchen.core.cache.CacheManager.<clinit>(CacheManager.java:22) ~[classes/:?]
	... 8 more
Caused by: java.nio.channels.OverlappingFileLockException
	at sun.nio.ch.SharedFileLockTable.checkList(FileLockTable.java:255) ~[?:1.8.0_144]
	at sun.nio.ch.SharedFileLockTable.add(FileLockTable.java:152) ~[?:1.8.0_144]
	at sun.nio.ch.FileChannelImpl.tryLock(FileChannelImpl.java:1108) ~[?:1.8.0_144]
	at java.nio.channels.FileChannel.tryLock(FileChannel.java:1155) ~[?:1.8.0_144]
	at org.ehcache.impl.persistence.DefaultLocalPersistenceService.internalStart(DefaultLocalPersistenceService.java:93) ~[ehcache-3.4.0.jar:3.4.0 45a1f99e0d65f13bdd379e60a5ca9a7b6d3a90bc]
	at org.ehcache.impl.persistence.DefaultLocalPersistenceService.start(DefaultLocalPersistenceService.java:75) ~[ehcache-3.4.0.jar:3.4.0 45a1f99e0d65f13bdd379e60a5ca9a7b6d3a90bc]
	at org.ehcache.core.internal.service.ServiceLocator.startAllServices(ServiceLocator.java:118) ~[ehcache-3.4.0.jar:3.4.0 45a1f99e0d65f13bdd379e60a5ca9a7b6d3a90bc]
	at org.ehcache.core.EhcacheManager.init(EhcacheManager.java:560) ~[ehcache-3.4.0.jar:3.4.0 45a1f99e0d65f13bdd379e60a5ca9a7b6d3a90bc]
	at org.ehcache.config.builders.CacheManagerBuilder.build(CacheManagerBuilder.java:72) ~[ehcache-3.4.0.jar:3.4.0 45a1f99e0d65f13bdd379e60a5ca9a7b6d3a90bc]
	at com.coonchen.framework.cache.EhcacheProvider.<init>(EhcacheProvider.java:21) ~[classes/:?]
	at com.coonchen.framework.cache.CacheManagerFactory.<init>(CacheManagerFactory.java:36) ~[classes/:?]
	at com.coonchen.framework.cache.CacheManagerFactory.getInstance(CacheManagerFactory.java:31) ~[classes/:?]
	at com.coonchen.framework.cache.BaseCache.<init>(BaseCache.java:9) ~[classes/:?]
	at com.coonchen.core.cache.dir.UserSessionCache.<init>(UserSessionCache.java:10) ~[classes/:?]
	at sun.reflect.NativeConstructorAccessorImpl.newInstance0(Native Method) ~[?:1.8.0_144]
	at sun.reflect.NativeConstructorAccessorImpl.newInstance(NativeConstructorAccessorImpl.java:62) ~[?:1.8.0_144]
	at sun.reflect.DelegatingConstructorAccessorImpl.newInstance(DelegatingConstructorAccessorImpl.java:45) ~[?:1.8.0_144]
	at java.lang.reflect.Constructor.newInstance(Constructor.java:423) ~[?:1.8.0_144]
	at java.lang.Class.newInstance(Class.java:442) ~[?:1.8.0_144]
	at com.coonchen.framework.cache.CacheManagerFactory.<init>(CacheManagerFactory.java:42) ~[classes/:?]
	at com.coonchen.framework.cache.CacheManagerFactory.getInstance(CacheManagerFactory.java:31) ~[classes/:?]
	at com.coonchen.core.cache.CacheManager.<clinit>(CacheManager.java:22) ~[classes/:?]
	... 8 more
[15:43:46:560] [ERROR] - org.ehcache.core.StatusTransitioner$Transition.failed(StatusTransitioner.java:231) - Initialize failed.
[15:43:46:580] [ERROR] - org.springframework.boot.SpringApplication.reportFailure(SpringApplication.java:771) - Application startup failed
java.lang.ExceptionInInitializerError: null
	at com.coonchen.core.listener.SystemListener.run(SystemListener.java:22) ~[classes/:?]
	at org.springframework.boot.SpringApplication.callRunner(SpringApplication.java:732) ~[spring-boot-1.5.6.RELEASE.jar:1.5.6.RELEASE]
	at org.springframework.boot.SpringApplication.callRunners(SpringApplication.java:716) [spring-boot-1.5.6.RELEASE.jar:1.5.6.RELEASE]
	at org.springframework.boot.SpringApplication.afterRefresh(SpringApplication.java:703) [spring-boot-1.5.6.RELEASE.jar:1.5.6.RELEASE]
	at org.springframework.boot.SpringApplication.run(SpringApplication.java:304) [spring-boot-1.5.6.RELEASE.jar:1.5.6.RELEASE]
	at org.springframework.boot.SpringApplication.run(SpringApplication.java:1118) [spring-boot-1.5.6.RELEASE.jar:1.5.6.RELEASE]
	at org.springframework.boot.SpringApplication.run(SpringApplication.java:1107) [spring-boot-1.5.6.RELEASE.jar:1.5.6.RELEASE]
	at com.App.main(App.java:15) [classes/:?]
Caused by: org.ehcache.StateTransitionException: Persistence directory already locked by this process: F:\EhcacheProvider
	at org.ehcache.core.StatusTransitioner$Transition.failed(StatusTransitioner.java:235) ~[ehcache-3.4.0.jar:3.4.0 45a1f99e0d65f13bdd379e60a5ca9a7b6d3a90bc]
	at org.ehcache.core.EhcacheManager.init(EhcacheManager.java:588) ~[ehcache-3.4.0.jar:3.4.0 45a1f99e0d65f13bdd379e60a5ca9a7b6d3a90bc]
	at org.ehcache.config.builders.CacheManagerBuilder.build(CacheManagerBuilder.java:72) ~[ehcache-3.4.0.jar:3.4.0 45a1f99e0d65f13bdd379e60a5ca9a7b6d3a90bc]
	at com.coonchen.framework.cache.EhcacheProvider.<init>(EhcacheProvider.java:21) ~[classes/:?]
	at com.coonchen.framework.cache.CacheManagerFactory.<init>(CacheManagerFactory.java:36) ~[classes/:?]
	at com.coonchen.framework.cache.CacheManagerFactory.getInstance(CacheManagerFactory.java:31) ~[classes/:?]
	at com.coonchen.framework.cache.BaseCache.<init>(BaseCache.java:9) ~[classes/:?]
	at com.coonchen.core.cache.dir.UserSessionCache.<init>(UserSessionCache.java:10) ~[classes/:?]
	at sun.reflect.NativeConstructorAccessorImpl.newInstance0(Native Method) ~[?:1.8.0_144]
	at sun.reflect.NativeConstructorAccessorImpl.newInstance(NativeConstructorAccessorImpl.java:62) ~[?:1.8.0_144]
	at sun.reflect.DelegatingConstructorAccessorImpl.newInstance(DelegatingConstructorAccessorImpl.java:45) ~[?:1.8.0_144]
	at java.lang.reflect.Constructor.newInstance(Constructor.java:423) ~[?:1.8.0_144]
	at java.lang.Class.newInstance(Class.java:442) ~[?:1.8.0_144]
	at com.coonchen.framework.cache.CacheManagerFactory.<init>(CacheManagerFactory.java:42) ~[classes/:?]
	at com.coonchen.framework.cache.CacheManagerFactory.getInstance(CacheManagerFactory.java:31) ~[classes/:?]
	at com.coonchen.core.cache.CacheManager.<clinit>(CacheManager.java:22) ~[classes/:?]
	... 8 more
Caused by: java.lang.RuntimeException: Persistence directory already locked by this process: F:\EhcacheProvider
	at org.ehcache.impl.persistence.DefaultLocalPersistenceService.internalStart(DefaultLocalPersistenceService.java:95) ~[ehcache-3.4.0.jar:3.4.0 45a1f99e0d65f13bdd379e60a5ca9a7b6d3a90bc]
	at org.ehcache.impl.persistence.DefaultLocalPersistenceService.start(DefaultLocalPersistenceService.java:75) ~[ehcache-3.4.0.jar:3.4.0 45a1f99e0d65f13bdd379e60a5ca9a7b6d3a90bc]
	at org.ehcache.core.internal.service.ServiceLocator.startAllServices(ServiceLocator.java:118) ~[ehcache-3.4.0.jar:3.4.0 45a1f99e0d65f13bdd379e60a5ca9a7b6d3a90bc]
	at org.ehcache.core.EhcacheManager.init(EhcacheManager.java:560) ~[ehcache-3.4.0.jar:3.4.0 45a1f99e0d65f13bdd379e60a5ca9a7b6d3a90bc]
	at org.ehcache.config.builders.CacheManagerBuilder.build(CacheManagerBuilder.java:72) ~[ehcache-3.4.0.jar:3.4.0 45a1f99e0d65f13bdd379e60a5ca9a7b6d3a90bc]
	at com.coonchen.framework.cache.EhcacheProvider.<init>(EhcacheProvider.java:21) ~[classes/:?]
	at com.coonchen.framework.cache.CacheManagerFactory.<init>(CacheManagerFactory.java:36) ~[classes/:?]
	at com.coonchen.framework.cache.CacheManagerFactory.getInstance(CacheManagerFactory.java:31) ~[classes/:?]
	at com.coonchen.framework.cache.BaseCache.<init>(BaseCache.java:9) ~[classes/:?]
	at com.coonchen.core.cache.dir.UserSessionCache.<init>(UserSessionCache.java:10) ~[classes/:?]
	at sun.reflect.NativeConstructorAccessorImpl.newInstance0(Native Method) ~[?:1.8.0_144]
	at sun.reflect.NativeConstructorAccessorImpl.newInstance(NativeConstructorAccessorImpl.java:62) ~[?:1.8.0_144]
	at sun.reflect.DelegatingConstructorAccessorImpl.newInstance(DelegatingConstructorAccessorImpl.java:45) ~[?:1.8.0_144]
	at java.lang.reflect.Constructor.newInstance(Constructor.java:423) ~[?:1.8.0_144]
	at java.lang.Class.newInstance(Class.java:442) ~[?:1.8.0_144]
	at com.coonchen.framework.cache.CacheManagerFactory.<init>(CacheManagerFactory.java:42) ~[classes/:?]
	at com.coonchen.framework.cache.CacheManagerFactory.getInstance(CacheManagerFactory.java:31) ~[classes/:?]
	at com.coonchen.core.cache.CacheManager.<clinit>(CacheManager.java:22) ~[classes/:?]
	... 8 more
Caused by: java.nio.channels.OverlappingFileLockException
	at sun.nio.ch.SharedFileLockTable.checkList(FileLockTable.java:255) ~[?:1.8.0_144]
	at sun.nio.ch.SharedFileLockTable.add(FileLockTable.java:152) ~[?:1.8.0_144]
	at sun.nio.ch.FileChannelImpl.tryLock(FileChannelImpl.java:1108) ~[?:1.8.0_144]
	at java.nio.channels.FileChannel.tryLock(FileChannel.java:1155) ~[?:1.8.0_144]
	at org.ehcache.impl.persistence.DefaultLocalPersistenceService.internalStart(DefaultLocalPersistenceService.java:93) ~[ehcache-3.4.0.jar:3.4.0 45a1f99e0d65f13bdd379e60a5ca9a7b6d3a90bc]
	at org.ehcache.impl.persistence.DefaultLocalPersistenceService.start(DefaultLocalPersistenceService.java:75) ~[ehcache-3.4.0.jar:3.4.0 45a1f99e0d65f13bdd379e60a5ca9a7b6d3a90bc]
	at org.ehcache.core.internal.service.ServiceLocator.startAllServices(ServiceLocator.java:118) ~[ehcache-3.4.0.jar:3.4.0 45a1f99e0d65f13bdd379e60a5ca9a7b6d3a90bc]
	at org.ehcache.core.EhcacheManager.init(EhcacheManager.java:560) ~[ehcache-3.4.0.jar:3.4.0 45a1f99e0d65f13bdd379e60a5ca9a7b6d3a90bc]
	at org.ehcache.config.builders.CacheManagerBuilder.build(CacheManagerBuilder.java:72) ~[ehcache-3.4.0.jar:3.4.0 45a1f99e0d65f13bdd379e60a5ca9a7b6d3a90bc]
	at com.coonchen.framework.cache.EhcacheProvider.<init>(EhcacheProvider.java:21) ~[classes/:?]
	at com.coonchen.framework.cache.CacheManagerFactory.<init>(CacheManagerFactory.java:36) ~[classes/:?]
	at com.coonchen.framework.cache.CacheManagerFactory.getInstance(CacheManagerFactory.java:31) ~[classes/:?]
	at com.coonchen.framework.cache.BaseCache.<init>(BaseCache.java:9) ~[classes/:?]
	at com.coonchen.core.cache.dir.UserSessionCache.<init>(UserSessionCache.java:10) ~[classes/:?]
	at sun.reflect.NativeConstructorAccessorImpl.newInstance0(Native Method) ~[?:1.8.0_144]
	at sun.reflect.NativeConstructorAccessorImpl.newInstance(NativeConstructorAccessorImpl.java:62) ~[?:1.8.0_144]
	at sun.reflect.DelegatingConstructorAccessorImpl.newInstance(DelegatingConstructorAccessorImpl.java:45) ~[?:1.8.0_144]
	at java.lang.reflect.Constructor.newInstance(Constructor.java:423) ~[?:1.8.0_144]
	at java.lang.Class.newInstance(Class.java:442) ~[?:1.8.0_144]
	at com.coonchen.framework.cache.CacheManagerFactory.<init>(CacheManagerFactory.java:42) ~[classes/:?]
	at com.coonchen.framework.cache.CacheManagerFactory.getInstance(CacheManagerFactory.java:31) ~[classes/:?]
	at com.coonchen.core.cache.CacheManager.<clinit>(CacheManager.java:22) ~[classes/:?]
	... 8 more
[16:08:26:220] [WARN] - org.springframework.web.servlet.DispatcherServlet.noHandlerFound(DispatcherServlet.java:1176) - No mapping found for HTTP request with URI [/] in DispatcherServlet with name 'dispatcherServlet'
[16:08:27:740] [WARN] - org.springframework.web.servlet.DispatcherServlet.noHandlerFound(DispatcherServlet.java:1176) - No mapping found for HTTP request with URI [/] in DispatcherServlet with name 'dispatcherServlet'
[16:28:01:486] [WARN] - org.springframework.web.servlet.DispatcherServlet.noHandlerFound(DispatcherServlet.java:1176) - No mapping found for HTTP request with URI [/welcome.html] in DispatcherServlet with name 'dispatcherServlet'
[16:28:02:036] [WARN] - org.springframework.web.servlet.DispatcherServlet.noHandlerFound(DispatcherServlet.java:1176) - No mapping found for HTTP request with URI [/favicon.ico] in DispatcherServlet with name 'dispatcherServlet'
[16:28:02:089] [WARN] - org.springframework.web.servlet.DispatcherServlet.noHandlerFound(DispatcherServlet.java:1176) - No mapping found for HTTP request with URI [/favicon.ico] in DispatcherServlet with name 'dispatcherServlet'
[16:28:02:095] [WARN] - org.springframework.web.servlet.DispatcherServlet.noHandlerFound(DispatcherServlet.java:1176) - No mapping found for HTTP request with URI [/favicon.ico] in DispatcherServlet with name 'dispatcherServlet'
